[2025-07-17 04:41:50] INFO fetch_market: Fetching data for USDJPY using Yahoo symbol: USDJPY=X
[2025-07-17 04:41:54] INFO fetch_market: Fetching data for USDJPY using Yahoo symbol: USDJPY=X
[2025-07-17 04:41:55] ERROR fetch_market: Data is empty for USDJPY after fetch.
[2025-07-17 04:41:55] INFO fetch_market: Fetching data for USDJPY using Yahoo symbol: USDJPY=X
[2025-07-17 04:41:56] INFO fetch_market: Fetching data for USDJPY using Yahoo symbol: USDJPY=X
[2025-07-17 04:41:58] INFO fetch_market: Fetching data for BTCUSD using Yahoo symbol: BTC-USD
[2025-07-17 04:42:11] INFO fetch_market: Fetching data for USDJPY using Yahoo symbol: USDJPY=X
[2025-07-17 04:42:13] ERROR fetch_market: Data is empty for USDJPY after fetch.
[2025-07-17 04:42:13] INFO fetch_market: Fetching data for USDJPY using Yahoo symbol: USDJPY=X
[2025-07-17 04:42:14] INFO fetch_market: Fetching data for USDJPY using Yahoo symbol: USDJPY=X
[2025-07-17 04:45:26] INFO fetch_market: [DEBUG] Increasing lookback from 90 to 200 for USDJPY
[2025-07-17 04:45:26] INFO fetch_market: [DEBUG] Using lookback=200 for USDJPY
[2025-07-17 04:45:26] INFO fetch_market: Fetching data for USDJPY using Yahoo symbol: USDJPY=X
[2025-07-17 04:45:30] INFO fetch_market: [DEBUG] Increasing lookback from 90 to 200 for USDJPY
[2025-07-17 04:45:30] INFO fetch_market: [DEBUG] Using lookback=200 for USDJPY
[2025-07-17 04:45:30] INFO fetch_market: Fetching data for USDJPY using Yahoo symbol: USDJPY=X
[2025-07-17 04:45:31] ERROR fetch_market: Data is empty for USDJPY after fetch.
[2025-07-17 04:45:31] INFO fetch_market: [DEBUG] Increasing lookback from 90 to 200 for USDJPY
[2025-07-17 04:45:31] INFO fetch_market: [DEBUG] Using lookback=200 for USDJPY
[2025-07-17 04:45:31] INFO fetch_market: Fetching data for USDJPY using Yahoo symbol: USDJPY=X
[2025-07-17 04:45:32] INFO fetch_market: [DEBUG] Increasing lookback from 90 to 200 for USDJPY
[2025-07-17 04:45:32] INFO fetch_market: [DEBUG] Using lookback=200 for USDJPY
[2025-07-17 04:45:32] INFO fetch_market: Fetching data for USDJPY using Yahoo symbol: USDJPY=X
[2025-07-17 04:45:35] INFO fetch_market: [DEBUG] Increasing lookback from 90 to 200 for BTCUSD
[2025-07-17 04:45:35] INFO fetch_market: [DEBUG] Using lookback=200 for BTCUSD
[2025-07-17 04:45:35] INFO fetch_market: Fetching data for BTCUSD using Yahoo symbol: BTC-USD
[2025-07-17 04:45:47] INFO fetch_market: [DEBUG] Increasing lookback from 90 to 200 for USDJPY
[2025-07-17 04:45:47] INFO fetch_market: [DEBUG] Using lookback=200 for USDJPY
[2025-07-17 04:45:47] INFO fetch_market: Fetching data for USDJPY using Yahoo symbol: USDJPY=X
[2025-07-17 04:45:50] ERROR fetch_market: Data is empty for USDJPY after fetch.
[2025-07-17 04:45:50] INFO fetch_market: [DEBUG] Increasing lookback from 90 to 200 for USDJPY
[2025-07-17 04:45:50] INFO fetch_market: [DEBUG] Using lookback=200 for USDJPY
[2025-07-17 04:45:50] INFO fetch_market: Fetching data for USDJPY using Yahoo symbol: USDJPY=X
[2025-07-17 04:45:52] INFO fetch_market: [DEBUG] Increasing lookback from 90 to 200 for USDJPY
[2025-07-17 04:45:52] INFO fetch_market: [DEBUG] Using lookback=200 for USDJPY
[2025-07-17 04:45:52] INFO fetch_market: Fetching data for USDJPY using Yahoo symbol: USDJPY=X
[2025-07-17 04:48:02] INFO fetch_market: [DEBUG] Increasing lookback from 90 to 200 for USDJPY
[2025-07-17 04:48:02] INFO fetch_market: [DEBUG] Using lookback=200 for USDJPY
[2025-07-17 04:48:02] INFO fetch_market: Fetching data for USDJPY using Yahoo symbol: USDJPY=X
[2025-07-17 04:48:07] INFO fetch_market: [DEBUG] Increasing lookback from 90 to 200 for USDJPY
[2025-07-17 04:48:07] INFO fetch_market: [DEBUG] Using lookback=200 for USDJPY
[2025-07-17 04:48:07] INFO fetch_market: Fetching data for USDJPY using Yahoo symbol: USDJPY=X
[2025-07-17 04:48:10] ERROR fetch_market: Data is empty for USDJPY after fetch.
[2025-07-17 04:48:10] INFO fetch_market: [DEBUG] Increasing lookback from 90 to 200 for USDJPY
[2025-07-17 04:48:10] INFO fetch_market: [DEBUG] Using lookback=200 for USDJPY
[2025-07-17 04:48:10] INFO fetch_market: Fetching data for USDJPY using Yahoo symbol: USDJPY=X
[2025-07-17 04:48:11] INFO fetch_market: [DEBUG] Increasing lookback from 90 to 200 for USDJPY
[2025-07-17 04:48:11] INFO fetch_market: [DEBUG] Using lookback=200 for USDJPY
[2025-07-17 04:48:11] INFO fetch_market: Fetching data for USDJPY using Yahoo symbol: USDJPY=X
[2025-07-17 04:48:16] INFO fetch_market: [DEBUG] Increasing lookback from 90 to 200 for BTCUSD
[2025-07-17 04:48:16] INFO fetch_market: [DEBUG] Using lookback=200 for BTCUSD
[2025-07-17 04:48:16] INFO fetch_market: Fetching data for BTCUSD using Yahoo symbol: BTC-USD
[2025-07-17 04:48:31] INFO fetch_market: [DEBUG] Increasing lookback from 90 to 200 for USDJPY
[2025-07-17 04:48:31] INFO fetch_market: [DEBUG] Using lookback=200 for USDJPY
[2025-07-17 04:48:31] INFO fetch_market: Fetching data for USDJPY using Yahoo symbol: USDJPY=X
[2025-07-17 04:48:34] ERROR fetch_market: Data is empty for USDJPY after fetch.
[2025-07-17 04:48:34] INFO fetch_market: [DEBUG] Increasing lookback from 90 to 200 for USDJPY
[2025-07-17 04:48:34] INFO fetch_market: [DEBUG] Using lookback=200 for USDJPY
[2025-07-17 04:48:34] INFO fetch_market: Fetching data for USDJPY using Yahoo symbol: USDJPY=X
[2025-07-17 04:48:35] INFO fetch_market: [DEBUG] Increasing lookback from 90 to 200 for USDJPY
[2025-07-17 04:48:35] INFO fetch_market: [DEBUG] Using lookback=200 for USDJPY
[2025-07-17 04:48:35] INFO fetch_market: Fetching data for USDJPY using Yahoo symbol: USDJPY=X
[2025-07-17 04:49:19] INFO fetch_market: [DEBUG] Increasing lookback from 90 to 200 for USDJPY
[2025-07-17 04:49:19] INFO fetch_market: [DEBUG] Using lookback=200 for USDJPY
[2025-07-17 04:49:19] INFO fetch_market: Fetching data for USDJPY using Yahoo symbol: USDJPY=X
[2025-07-17 04:49:23] INFO fetch_market: [DEBUG] Increasing lookback from 90 to 200 for USDJPY
[2025-07-17 04:49:23] INFO fetch_market: [DEBUG] Using lookback=200 for USDJPY
[2025-07-17 04:49:23] INFO fetch_market: Fetching data for USDJPY using Yahoo symbol: USDJPY=X
[2025-07-17 04:49:24] ERROR fetch_market: Data is empty for USDJPY after fetch.
[2025-07-17 04:49:24] INFO fetch_market: [DEBUG] Increasing lookback from 90 to 200 for USDJPY
[2025-07-17 04:49:24] INFO fetch_market: [DEBUG] Using lookback=200 for USDJPY
[2025-07-17 04:49:24] INFO fetch_market: Fetching data for USDJPY using Yahoo symbol: USDJPY=X
[2025-07-17 04:49:25] INFO fetch_market: [DEBUG] Increasing lookback from 90 to 200 for USDJPY
[2025-07-17 04:49:25] INFO fetch_market: [DEBUG] Using lookback=200 for USDJPY
[2025-07-17 04:49:25] INFO fetch_market: Fetching data for USDJPY using Yahoo symbol: USDJPY=X
[2025-07-17 04:49:27] INFO fetch_market: [DEBUG] Increasing lookback from 90 to 200 for BTCUSD
[2025-07-17 04:49:27] INFO fetch_market: [DEBUG] Using lookback=200 for BTCUSD
[2025-07-17 04:49:27] INFO fetch_market: Fetching data for BTCUSD using Yahoo symbol: BTC-USD
[2025-07-17 04:49:40] INFO fetch_market: [DEBUG] Increasing lookback from 90 to 200 for USDJPY
[2025-07-17 04:49:40] INFO fetch_market: [DEBUG] Using lookback=200 for USDJPY
[2025-07-17 04:49:40] INFO fetch_market: Fetching data for USDJPY using Yahoo symbol: USDJPY=X
[2025-07-17 04:49:42] ERROR fetch_market: Data is empty for USDJPY after fetch.
[2025-07-17 04:49:42] INFO fetch_market: [DEBUG] Increasing lookback from 90 to 200 for USDJPY
[2025-07-17 04:49:42] INFO fetch_market: [DEBUG] Using lookback=200 for USDJPY
[2025-07-17 04:49:42] INFO fetch_market: Fetching data for USDJPY using Yahoo symbol: USDJPY=X
[2025-07-17 04:49:43] INFO fetch_market: [DEBUG] Increasing lookback from 90 to 200 for USDJPY
[2025-07-17 04:49:43] INFO fetch_market: [DEBUG] Using lookback=200 for USDJPY
[2025-07-17 04:49:43] INFO fetch_market: Fetching data for USDJPY using Yahoo symbol: USDJPY=X
[2025-07-17 04:52:24] INFO fetch_market: [DEBUG] Increasing lookback from 90 to 200 for USDJPY
[2025-07-17 04:52:24] INFO fetch_market: [DEBUG] Using lookback=200 for USDJPY
[2025-07-17 04:52:24] INFO fetch_market: Fetching data for USDJPY using Yahoo symbol: USDJPY=X
[2025-07-17 04:52:32] INFO fetch_market: [DEBUG] Increasing lookback from 90 to 200 for USDJPY
[2025-07-17 04:52:32] INFO fetch_market: [DEBUG] Using lookback=200 for USDJPY
[2025-07-17 04:52:32] INFO fetch_market: Fetching data for USDJPY using Yahoo symbol: USDJPY=X
[2025-07-17 04:52:34] ERROR fetch_market: Data is empty for USDJPY after fetch.
[2025-07-17 04:52:34] INFO fetch_market: [DEBUG] Increasing lookback from 90 to 200 for USDJPY
[2025-07-17 04:52:34] INFO fetch_market: [DEBUG] Using lookback=200 for USDJPY
[2025-07-17 04:52:34] INFO fetch_market: Fetching data for USDJPY using Yahoo symbol: USDJPY=X
[2025-07-17 04:52:36] INFO fetch_market: [DEBUG] Increasing lookback from 90 to 200 for USDJPY
[2025-07-17 04:52:36] INFO fetch_market: [DEBUG] Using lookback=200 for USDJPY
[2025-07-17 04:52:36] INFO fetch_market: Fetching data for USDJPY using Yahoo symbol: USDJPY=X
[2025-07-17 04:57:37] INFO fetch_market: [DEBUG] Increasing lookback from 90 to 200 for USDJPY
[2025-07-17 04:57:37] INFO fetch_market: [DEBUG] Using lookback=200 for USDJPY
[2025-07-17 04:57:37] INFO fetch_market: Fetching data for USDJPY using Yahoo symbol: USDJPY=X
[2025-07-17 04:57:44] INFO fetch_market: [DEBUG] Increasing lookback from 90 to 200 for USDJPY
[2025-07-17 04:57:44] INFO fetch_market: [DEBUG] Using lookback=200 for USDJPY
[2025-07-17 04:57:44] INFO fetch_market: Fetching data for USDJPY using Yahoo symbol: USDJPY=X
[2025-07-17 04:57:45] ERROR fetch_market: Data is empty for USDJPY after fetch.
[2025-07-17 04:57:45] INFO fetch_market: [DEBUG] Increasing lookback from 90 to 200 for USDJPY
[2025-07-17 04:57:45] INFO fetch_market: [DEBUG] Using lookback=200 for USDJPY
[2025-07-17 04:57:45] INFO fetch_market: Fetching data for USDJPY using Yahoo symbol: USDJPY=X
[2025-07-17 04:57:46] INFO fetch_market: [DEBUG] Increasing lookback from 90 to 200 for USDJPY
[2025-07-17 04:57:46] INFO fetch_market: [DEBUG] Using lookback=200 for USDJPY
[2025-07-17 04:57:46] INFO fetch_market: Fetching data for USDJPY using Yahoo symbol: USDJPY=X
[2025-07-17 04:57:53] INFO fetch_market: [DEBUG] Increasing lookback from 90 to 200 for BTCUSD
[2025-07-17 04:57:53] INFO fetch_market: [DEBUG] Using lookback=200 for BTCUSD
[2025-07-17 04:57:53] INFO fetch_market: Fetching data for BTCUSD using Yahoo symbol: BTC-USD
[2025-07-17 04:58:11] INFO fetch_market: [DEBUG] Increasing lookback from 90 to 200 for USDJPY
[2025-07-17 04:58:11] INFO fetch_market: [DEBUG] Using lookback=200 for USDJPY
[2025-07-17 04:58:11] INFO fetch_market: Fetching data for USDJPY using Yahoo symbol: USDJPY=X
[2025-07-17 04:58:14] ERROR fetch_market: Data is empty for USDJPY after fetch.
[2025-07-17 04:58:14] INFO fetch_market: [DEBUG] Increasing lookback from 90 to 200 for USDJPY
[2025-07-17 04:58:14] INFO fetch_market: [DEBUG] Using lookback=200 for USDJPY
[2025-07-17 04:58:14] INFO fetch_market: Fetching data for USDJPY using Yahoo symbol: USDJPY=X
[2025-07-17 04:58:15] INFO fetch_market: [DEBUG] Increasing lookback from 90 to 200 for USDJPY
[2025-07-17 04:58:15] INFO fetch_market: [DEBUG] Using lookback=200 for USDJPY
[2025-07-17 04:58:15] INFO fetch_market: Fetching data for USDJPY using Yahoo symbol: USDJPY=X
[2025-07-17 05:00:32] INFO fetch_market: [DEBUG] Increasing lookback from 90 to 200 for USDJPY
[2025-07-17 05:00:32] INFO fetch_market: [DEBUG] Using lookback=200 for USDJPY
[2025-07-17 05:00:32] INFO fetch_market: Fetching data for USDJPY using Yahoo symbol: USDJPY=X
[2025-07-17 05:00:36] INFO fetch_market: [DEBUG] Increasing lookback from 90 to 200 for USDJPY
[2025-07-17 05:00:36] INFO fetch_market: [DEBUG] Using lookback=200 for USDJPY
[2025-07-17 05:00:36] INFO fetch_market: Fetching data for USDJPY using Yahoo symbol: USDJPY=X
[2025-07-17 05:00:37] ERROR fetch_market: Data is empty for USDJPY after fetch.
[2025-07-17 05:00:37] INFO fetch_market: [DEBUG] Increasing lookback from 90 to 200 for USDJPY
[2025-07-17 05:00:37] INFO fetch_market: [DEBUG] Using lookback=200 for USDJPY
[2025-07-17 05:00:37] INFO fetch_market: Fetching data for USDJPY using Yahoo symbol: USDJPY=X
[2025-07-17 05:00:38] INFO fetch_market: [DEBUG] Increasing lookback from 90 to 200 for USDJPY
[2025-07-17 05:00:38] INFO fetch_market: [DEBUG] Using lookback=200 for USDJPY
[2025-07-17 05:00:38] INFO fetch_market: Fetching data for USDJPY using Yahoo symbol: USDJPY=X
[2025-07-17 05:00:44] INFO fetch_market: [DEBUG] Increasing lookback from 90 to 200 for BTCUSD
[2025-07-17 05:00:44] INFO fetch_market: [DEBUG] Using lookback=200 for BTCUSD
[2025-07-17 05:00:44] INFO fetch_market: Fetching data for BTCUSD using Yahoo symbol: BTC-USD
[2025-07-17 05:00:58] INFO fetch_market: [DEBUG] Increasing lookback from 90 to 200 for USDJPY
[2025-07-17 05:00:58] INFO fetch_market: [DEBUG] Using lookback=200 for USDJPY
[2025-07-17 05:00:58] INFO fetch_market: Fetching data for USDJPY using Yahoo symbol: USDJPY=X
[2025-07-17 05:01:00] ERROR fetch_market: Data is empty for USDJPY after fetch.
[2025-07-17 05:01:00] INFO fetch_market: [DEBUG] Increasing lookback from 90 to 200 for USDJPY
[2025-07-17 05:01:00] INFO fetch_market: [DEBUG] Using lookback=200 for USDJPY
[2025-07-17 05:01:00] INFO fetch_market: Fetching data for USDJPY using Yahoo symbol: USDJPY=X
[2025-07-17 05:01:06] INFO fetch_market: [DEBUG] Increasing lookback from 90 to 200 for USDJPY
[2025-07-17 05:01:06] INFO fetch_market: [DEBUG] Using lookback=200 for USDJPY
[2025-07-17 05:01:06] INFO fetch_market: Fetching data for USDJPY using Yahoo symbol: USDJPY=X
[2025-07-17 05:03:50] INFO fetch_market: [DEBUG] Increasing lookback from 90 to 200 for USDJPY
[2025-07-17 05:03:50] INFO fetch_market: [DEBUG] Using lookback=200 for USDJPY
[2025-07-17 05:03:50] INFO fetch_market: Fetching data for USDJPY using Yahoo symbol: USDJPY=X
[2025-07-17 05:03:56] INFO fetch_market: [DEBUG] Increasing lookback from 90 to 200 for USDJPY
[2025-07-17 05:03:56] INFO fetch_market: [DEBUG] Using lookback=200 for USDJPY
[2025-07-17 05:03:56] INFO fetch_market: Fetching data for USDJPY using Yahoo symbol: USDJPY=X
[2025-07-17 05:03:59] ERROR fetch_market: Data is empty for USDJPY after fetch.
[2025-07-17 05:03:59] INFO fetch_market: [DEBUG] Increasing lookback from 90 to 200 for USDJPY
[2025-07-17 05:03:59] INFO fetch_market: [DEBUG] Using lookback=200 for USDJPY
[2025-07-17 05:03:59] INFO fetch_market: Fetching data for USDJPY using Yahoo symbol: USDJPY=X
[2025-07-17 05:04:01] INFO fetch_market: [DEBUG] Increasing lookback from 90 to 200 for USDJPY
[2025-07-17 05:04:01] INFO fetch_market: [DEBUG] Using lookback=200 for USDJPY
[2025-07-17 05:04:01] INFO fetch_market: Fetching data for USDJPY using Yahoo symbol: USDJPY=X
[2025-07-17 05:04:07] INFO fetch_market: [DEBUG] Increasing lookback from 90 to 200 for BTCUSD
[2025-07-17 05:04:07] INFO fetch_market: [DEBUG] Using lookback=200 for BTCUSD
[2025-07-17 05:04:07] INFO fetch_market: Fetching data for BTCUSD using Yahoo symbol: BTC-USD
[2025-07-17 05:04:25] INFO fetch_market: [DEBUG] Increasing lookback from 90 to 200 for USDJPY
[2025-07-17 05:04:25] INFO fetch_market: [DEBUG] Using lookback=200 for USDJPY
[2025-07-17 05:04:25] INFO fetch_market: Fetching data for USDJPY using Yahoo symbol: USDJPY=X
[2025-07-17 05:04:27] ERROR fetch_market: Data is empty for USDJPY after fetch.
[2025-07-17 05:04:27] INFO fetch_market: [DEBUG] Increasing lookback from 90 to 200 for USDJPY
[2025-07-17 05:04:27] INFO fetch_market: [DEBUG] Using lookback=200 for USDJPY
[2025-07-17 05:04:27] INFO fetch_market: Fetching data for USDJPY using Yahoo symbol: USDJPY=X
[2025-07-17 05:04:28] INFO fetch_market: [DEBUG] Increasing lookback from 90 to 200 for USDJPY
[2025-07-17 05:04:28] INFO fetch_market: [DEBUG] Using lookback=200 for USDJPY
[2025-07-17 05:04:28] INFO fetch_market: Fetching data for USDJPY using Yahoo symbol: USDJPY=X
[2025-07-17 05:06:00] INFO fetch_market: [DEBUG] Increasing lookback from 90 to 200 for USDJPY
[2025-07-17 05:06:00] INFO fetch_market: [DEBUG] Using lookback=200 for USDJPY
[2025-07-17 05:06:00] INFO fetch_market: Fetching data for USDJPY using Yahoo symbol: USDJPY=X
[2025-07-17 05:06:05] INFO fetch_market: [DEBUG] Increasing lookback from 90 to 200 for USDJPY
[2025-07-17 05:06:05] INFO fetch_market: [DEBUG] Using lookback=200 for USDJPY
[2025-07-17 05:06:05] INFO fetch_market: Fetching data for USDJPY using Yahoo symbol: USDJPY=X
[2025-07-17 05:06:06] ERROR fetch_market: Data is empty for USDJPY after fetch.
[2025-07-17 05:06:06] INFO fetch_market: [DEBUG] Increasing lookback from 90 to 200 for USDJPY
[2025-07-17 05:06:06] INFO fetch_market: [DEBUG] Using lookback=200 for USDJPY
[2025-07-17 05:06:06] INFO fetch_market: Fetching data for USDJPY using Yahoo symbol: USDJPY=X
[2025-07-17 05:06:07] INFO fetch_market: [DEBUG] Increasing lookback from 90 to 200 for USDJPY
[2025-07-17 05:06:07] INFO fetch_market: [DEBUG] Using lookback=200 for USDJPY
[2025-07-17 05:06:07] INFO fetch_market: Fetching data for USDJPY using Yahoo symbol: USDJPY=X
[2025-07-17 05:06:14] INFO fetch_market: [DEBUG] Increasing lookback from 90 to 200 for BTCUSD
[2025-07-17 05:06:14] INFO fetch_market: [DEBUG] Using lookback=200 for BTCUSD
[2025-07-17 05:06:14] INFO fetch_market: Fetching data for BTCUSD using Yahoo symbol: BTC-USD
[2025-07-17 05:06:27] INFO fetch_market: [DEBUG] Increasing lookback from 90 to 200 for USDJPY
[2025-07-17 05:06:27] INFO fetch_market: [DEBUG] Using lookback=200 for USDJPY
[2025-07-17 05:06:27] INFO fetch_market: Fetching data for USDJPY using Yahoo symbol: USDJPY=X
[2025-07-17 05:06:29] ERROR fetch_market: Data is empty for USDJPY after fetch.
[2025-07-17 05:06:29] INFO fetch_market: [DEBUG] Increasing lookback from 90 to 200 for USDJPY
[2025-07-17 05:06:29] INFO fetch_market: [DEBUG] Using lookback=200 for USDJPY
[2025-07-17 05:06:29] INFO fetch_market: Fetching data for USDJPY using Yahoo symbol: USDJPY=X
[2025-07-17 05:06:30] INFO fetch_market: [DEBUG] Increasing lookback from 90 to 200 for USDJPY
[2025-07-17 05:06:30] INFO fetch_market: [DEBUG] Using lookback=200 for USDJPY
[2025-07-17 05:06:30] INFO fetch_market: Fetching data for USDJPY using Yahoo symbol: USDJPY=X
[2025-07-17 05:10:03] INFO fetch_market: [DEBUG] Using lookback=200 for USDJPY
[2025-07-17 05:10:03] INFO fetch_market: Fetching data for USDJPY using Yahoo symbol: USDJPY=X
[2025-07-17 05:10:07] INFO fetch_market: [DEBUG] Increasing lookback from 90 to 200 for USDJPY
[2025-07-17 05:10:07] INFO fetch_market: [DEBUG] Using lookback=200 for USDJPY
[2025-07-17 05:10:07] INFO fetch_market: Fetching data for USDJPY using Yahoo symbol: USDJPY=X
[2025-07-17 05:10:08] ERROR fetch_market: Data is empty for USDJPY after fetch.
[2025-07-17 05:10:08] INFO fetch_market: [DEBUG] Increasing lookback from 90 to 200 for USDJPY
[2025-07-17 05:10:08] INFO fetch_market: [DEBUG] Using lookback=200 for USDJPY
[2025-07-17 05:10:08] INFO fetch_market: Fetching data for USDJPY using Yahoo symbol: USDJPY=X
[2025-07-17 05:10:09] INFO fetch_market: [DEBUG] Increasing lookback from 90 to 200 for USDJPY
[2025-07-17 05:10:09] INFO fetch_market: [DEBUG] Using lookback=200 for USDJPY
[2025-07-17 05:10:09] INFO fetch_market: Fetching data for USDJPY using Yahoo symbol: USDJPY=X
[2025-07-17 05:20:42] INFO fetch_market: [DEBUG] Increasing lookback from 90 to 200 for USDJPY
[2025-07-17 05:20:42] INFO fetch_market: [DEBUG] Using lookback=200 for USDJPY
[2025-07-17 05:20:42] INFO fetch_market: Fetching data for USDJPY using Yahoo symbol: USDJPY=X
[2025-07-17 05:20:49] INFO fetch_market: [DEBUG] Increasing lookback from 90 to 200 for USDJPY
[2025-07-17 05:20:49] INFO fetch_market: [DEBUG] Using lookback=200 for USDJPY
[2025-07-17 05:20:49] INFO fetch_market: Fetching data for USDJPY using Yahoo symbol: USDJPY=X
[2025-07-17 05:20:50] ERROR fetch_market: Data is empty for USDJPY after fetch.
[2025-07-17 05:20:50] INFO fetch_market: [DEBUG] Increasing lookback from 90 to 200 for USDJPY
[2025-07-17 05:20:50] INFO fetch_market: [DEBUG] Using lookback=200 for USDJPY
[2025-07-17 05:20:50] INFO fetch_market: Fetching data for USDJPY using Yahoo symbol: USDJPY=X
[2025-07-17 05:20:51] INFO fetch_market: [DEBUG] Increasing lookback from 90 to 200 for USDJPY
[2025-07-17 05:20:51] INFO fetch_market: [DEBUG] Using lookback=200 for USDJPY
[2025-07-17 05:20:51] INFO fetch_market: Fetching data for USDJPY using Yahoo symbol: USDJPY=X
[2025-07-17 05:20:58] INFO fetch_market: [DEBUG] Increasing lookback from 90 to 200 for BTCUSD
[2025-07-17 05:20:58] INFO fetch_market: [DEBUG] Using lookback=200 for BTCUSD
[2025-07-17 05:20:58] INFO fetch_market: Fetching data for BTCUSD using Yahoo symbol: BTC-USD
[2025-07-17 05:21:11] INFO fetch_market: [DEBUG] Increasing lookback from 90 to 200 for USDJPY
[2025-07-17 05:21:11] INFO fetch_market: [DEBUG] Using lookback=200 for USDJPY
[2025-07-17 05:21:11] INFO fetch_market: Fetching data for USDJPY using Yahoo symbol: USDJPY=X
[2025-07-17 05:21:12] ERROR fetch_market: Data is empty for USDJPY after fetch.
[2025-07-17 05:21:12] INFO fetch_market: [DEBUG] Increasing lookback from 90 to 200 for USDJPY
[2025-07-17 05:21:12] INFO fetch_market: [DEBUG] Using lookback=200 for USDJPY
[2025-07-17 05:21:12] INFO fetch_market: Fetching data for USDJPY using Yahoo symbol: USDJPY=X
[2025-07-17 05:21:13] INFO fetch_market: [DEBUG] Increasing lookback from 90 to 200 for USDJPY
[2025-07-17 05:21:13] INFO fetch_market: [DEBUG] Using lookback=200 for USDJPY
[2025-07-17 05:21:13] INFO fetch_market: Fetching data for USDJPY using Yahoo symbol: USDJPY=X
[2025-07-17 05:22:54] INFO fetch_market: [DEBUG] Increasing lookback from 90 to 200 for USDJPY
[2025-07-17 05:22:54] INFO fetch_market: [DEBUG] Using lookback=200 for USDJPY
[2025-07-17 05:22:54] INFO fetch_market: Fetching data for USDJPY using Yahoo symbol: USDJPY=X
[2025-07-17 05:22:59] INFO fetch_market: [DEBUG] Increasing lookback from 90 to 200 for USDJPY
[2025-07-17 05:22:59] INFO fetch_market: [DEBUG] Using lookback=200 for USDJPY
[2025-07-17 05:22:59] INFO fetch_market: Fetching data for USDJPY using Yahoo symbol: USDJPY=X
[2025-07-17 05:23:00] ERROR fetch_market: Data is empty for USDJPY after fetch.
[2025-07-17 05:23:00] INFO fetch_market: [DEBUG] Increasing lookback from 90 to 200 for USDJPY
[2025-07-17 05:23:00] INFO fetch_market: [DEBUG] Using lookback=200 for USDJPY
[2025-07-17 05:23:00] INFO fetch_market: Fetching data for USDJPY using Yahoo symbol: USDJPY=X
[2025-07-17 05:23:03] INFO fetch_market: [DEBUG] Increasing lookback from 90 to 200 for USDJPY
[2025-07-17 05:23:03] INFO fetch_market: [DEBUG] Using lookback=200 for USDJPY
[2025-07-17 05:23:03] INFO fetch_market: Fetching data for USDJPY using Yahoo symbol: USDJPY=X
[2025-07-17 05:25:07] INFO fetch_market: [DEBUG] Increasing lookback from 90 to 200 for USDJPY
[2025-07-17 05:25:07] INFO fetch_market: [DEBUG] Using lookback=200 for USDJPY
[2025-07-17 05:25:07] INFO fetch_market: Fetching data for USDJPY using Yahoo symbol: USDJPY=X
[2025-07-17 05:25:12] INFO fetch_market: [DEBUG] Increasing lookback from 90 to 200 for USDJPY
[2025-07-17 05:25:12] INFO fetch_market: [DEBUG] Using lookback=200 for USDJPY
[2025-07-17 05:25:12] INFO fetch_market: Fetching data for USDJPY using Yahoo symbol: USDJPY=X
[2025-07-17 05:25:15] ERROR fetch_market: Data is empty for USDJPY after fetch.
[2025-07-17 05:25:15] INFO fetch_market: [DEBUG] Increasing lookback from 90 to 200 for USDJPY
[2025-07-17 05:25:15] INFO fetch_market: [DEBUG] Using lookback=200 for USDJPY
[2025-07-17 05:25:15] INFO fetch_market: Fetching data for USDJPY using Yahoo symbol: USDJPY=X
[2025-07-17 05:25:16] INFO fetch_market: [DEBUG] Increasing lookback from 90 to 200 for USDJPY
[2025-07-17 05:25:16] INFO fetch_market: [DEBUG] Using lookback=200 for USDJPY
[2025-07-17 05:25:16] INFO fetch_market: Fetching data for USDJPY using Yahoo symbol: USDJPY=X
[2025-07-17 05:25:22] INFO fetch_market: [DEBUG] Increasing lookback from 90 to 200 for BTCUSD
[2025-07-17 05:25:22] INFO fetch_market: [DEBUG] Using lookback=200 for BTCUSD
[2025-07-17 05:25:22] INFO fetch_market: Fetching data for BTCUSD using Yahoo symbol: BTC-USD
[2025-07-17 05:25:35] INFO fetch_market: [DEBUG] Increasing lookback from 90 to 200 for USDJPY
[2025-07-17 05:25:35] INFO fetch_market: [DEBUG] Using lookback=200 for USDJPY
[2025-07-17 05:25:35] INFO fetch_market: Fetching data for USDJPY using Yahoo symbol: USDJPY=X
[2025-07-17 05:25:37] ERROR fetch_market: Data is empty for USDJPY after fetch.
[2025-07-17 05:25:37] INFO fetch_market: [DEBUG] Increasing lookback from 90 to 200 for USDJPY
[2025-07-17 05:25:37] INFO fetch_market: [DEBUG] Using lookback=200 for USDJPY
[2025-07-17 05:25:37] INFO fetch_market: Fetching data for USDJPY using Yahoo symbol: USDJPY=X
[2025-07-17 05:25:39] INFO fetch_market: [DEBUG] Increasing lookback from 90 to 200 for USDJPY
[2025-07-17 05:25:39] INFO fetch_market: [DEBUG] Using lookback=200 for USDJPY
[2025-07-17 05:25:39] INFO fetch_market: Fetching data for USDJPY using Yahoo symbol: USDJPY=X
[2025-07-17 05:26:56] INFO fetch_market: [DEBUG] Increasing lookback from 90 to 200 for USDJPY
[2025-07-17 05:26:56] INFO fetch_market: [DEBUG] Using lookback=200 for USDJPY
[2025-07-17 05:26:56] INFO fetch_market: Fetching data for USDJPY using Yahoo symbol: USDJPY=X
[2025-07-17 05:27:01] INFO fetch_market: [DEBUG] Increasing lookback from 90 to 200 for USDJPY
[2025-07-17 05:27:01] INFO fetch_market: [DEBUG] Using lookback=200 for USDJPY
[2025-07-17 05:27:01] INFO fetch_market: Fetching data for USDJPY using Yahoo symbol: USDJPY=X
[2025-07-17 05:27:03] ERROR fetch_market: Data is empty for USDJPY after fetch.
[2025-07-17 05:27:03] INFO fetch_market: [DEBUG] Increasing lookback from 90 to 200 for USDJPY
[2025-07-17 05:27:03] INFO fetch_market: [DEBUG] Using lookback=200 for USDJPY
[2025-07-17 05:27:03] INFO fetch_market: Fetching data for USDJPY using Yahoo symbol: USDJPY=X
[2025-07-17 05:27:04] INFO fetch_market: [DEBUG] Increasing lookback from 90 to 200 for USDJPY
[2025-07-17 05:27:04] INFO fetch_market: [DEBUG] Using lookback=200 for USDJPY
[2025-07-17 05:27:04] INFO fetch_market: Fetching data for USDJPY using Yahoo symbol: USDJPY=X
[2025-07-17 05:37:48] INFO fetch_market: [DEBUG] Increasing lookback from 90 to 200 for USDJPY
[2025-07-17 05:37:48] INFO fetch_market: [DEBUG] Using lookback=200 for USDJPY
[2025-07-17 05:37:48] INFO fetch_market: Fetching data for USDJPY using Yahoo symbol: USDJPY=X
[2025-07-17 05:37:53] INFO fetch_market: [DEBUG] Increasing lookback from 90 to 200 for USDJPY
[2025-07-17 05:37:53] INFO fetch_market: [DEBUG] Using lookback=200 for USDJPY
[2025-07-17 05:37:53] INFO fetch_market: Fetching data for USDJPY using Yahoo symbol: USDJPY=X
[2025-07-17 05:37:54] ERROR fetch_market: Data is empty for USDJPY after fetch.
[2025-07-17 05:37:54] INFO fetch_market: [DEBUG] Increasing lookback from 90 to 200 for USDJPY
[2025-07-17 05:37:54] INFO fetch_market: [DEBUG] Using lookback=200 for USDJPY
[2025-07-17 05:37:54] INFO fetch_market: Fetching data for USDJPY using Yahoo symbol: USDJPY=X
[2025-07-17 05:37:55] INFO fetch_market: [DEBUG] Increasing lookback from 90 to 200 for USDJPY
[2025-07-17 05:37:55] INFO fetch_market: [DEBUG] Using lookback=200 for USDJPY
[2025-07-17 05:37:55] INFO fetch_market: Fetching data for USDJPY using Yahoo symbol: USDJPY=X
[2025-07-17 05:38:03] INFO fetch_market: [DEBUG] Increasing lookback from 90 to 200 for BTCUSD
[2025-07-17 05:38:03] INFO fetch_market: [DEBUG] Using lookback=200 for BTCUSD
[2025-07-17 05:38:03] INFO fetch_market: Fetching data for BTCUSD using Yahoo symbol: BTC-USD
[2025-07-17 05:38:19] INFO fetch_market: [DEBUG] Increasing lookback from 90 to 200 for USDJPY
[2025-07-17 05:38:19] INFO fetch_market: [DEBUG] Using lookback=200 for USDJPY
[2025-07-17 05:38:19] INFO fetch_market: Fetching data for USDJPY using Yahoo symbol: USDJPY=X
[2025-07-17 05:38:20] ERROR fetch_market: Data is empty for USDJPY after fetch.
[2025-07-17 05:38:20] INFO fetch_market: [DEBUG] Increasing lookback from 90 to 200 for USDJPY
[2025-07-17 05:38:20] INFO fetch_market: [DEBUG] Using lookback=200 for USDJPY
[2025-07-17 05:38:20] INFO fetch_market: Fetching data for USDJPY using Yahoo symbol: USDJPY=X
[2025-07-17 05:38:22] INFO fetch_market: [DEBUG] Increasing lookback from 90 to 200 for USDJPY
[2025-07-17 05:38:22] INFO fetch_market: [DEBUG] Using lookback=200 for USDJPY
[2025-07-17 05:38:22] INFO fetch_market: Fetching data for USDJPY using Yahoo symbol: USDJPY=X
[2025-07-17 05:39:08] INFO fetch_market: [DEBUG] Increasing lookback from 90 to 200 for USDJPY
[2025-07-17 05:39:08] INFO fetch_market: [DEBUG] Using lookback=200 for USDJPY
[2025-07-17 05:39:08] INFO fetch_market: Fetching data for USDJPY using Yahoo symbol: USDJPY=X
[2025-07-17 05:39:12] INFO fetch_market: [DEBUG] Increasing lookback from 90 to 200 for USDJPY
[2025-07-17 05:39:12] INFO fetch_market: [DEBUG] Using lookback=200 for USDJPY
[2025-07-17 05:39:12] INFO fetch_market: Fetching data for USDJPY using Yahoo symbol: USDJPY=X
[2025-07-17 05:39:13] ERROR fetch_market: Data is empty for USDJPY after fetch.
[2025-07-17 05:39:13] INFO fetch_market: [DEBUG] Increasing lookback from 90 to 200 for USDJPY
[2025-07-17 05:39:13] INFO fetch_market: [DEBUG] Using lookback=200 for USDJPY
[2025-07-17 05:39:13] INFO fetch_market: Fetching data for USDJPY using Yahoo symbol: USDJPY=X
[2025-07-17 05:39:14] INFO fetch_market: [DEBUG] Increasing lookback from 90 to 200 for USDJPY
[2025-07-17 05:39:14] INFO fetch_market: [DEBUG] Using lookback=200 for USDJPY
[2025-07-17 05:39:14] INFO fetch_market: Fetching data for USDJPY using Yahoo symbol: USDJPY=X
[2025-07-17 05:39:17] INFO fetch_market: [DEBUG] Increasing lookback from 90 to 200 for BTCUSD
[2025-07-17 05:39:17] INFO fetch_market: [DEBUG] Using lookback=200 for BTCUSD
[2025-07-17 05:39:17] INFO fetch_market: Fetching data for BTCUSD using Yahoo symbol: BTC-USD
[2025-07-17 05:39:29] INFO fetch_market: [DEBUG] Increasing lookback from 90 to 200 for USDJPY
[2025-07-17 05:39:29] INFO fetch_market: [DEBUG] Using lookback=200 for USDJPY
[2025-07-17 05:39:29] INFO fetch_market: Fetching data for USDJPY using Yahoo symbol: USDJPY=X
[2025-07-17 05:39:30] ERROR fetch_market: Data is empty for USDJPY after fetch.
[2025-07-17 05:39:30] INFO fetch_market: [DEBUG] Increasing lookback from 90 to 200 for USDJPY
[2025-07-17 05:39:30] INFO fetch_market: [DEBUG] Using lookback=200 for USDJPY
[2025-07-17 05:39:30] INFO fetch_market: Fetching data for USDJPY using Yahoo symbol: USDJPY=X
[2025-07-17 05:39:33] INFO fetch_market: [DEBUG] Increasing lookback from 90 to 200 for USDJPY
[2025-07-17 05:39:33] INFO fetch_market: [DEBUG] Using lookback=200 for USDJPY
[2025-07-17 05:39:33] INFO fetch_market: Fetching data for USDJPY using Yahoo symbol: USDJPY=X
[2025-07-17 05:40:43] INFO fetch_market: [DEBUG] Increasing lookback from 90 to 200 for USDJPY
[2025-07-17 05:40:43] INFO fetch_market: [DEBUG] Using lookback=200 for USDJPY
[2025-07-17 05:40:43] INFO fetch_market: Fetching data for USDJPY using Yahoo symbol: USDJPY=X
[2025-07-17 05:40:47] INFO fetch_market: [DEBUG] Increasing lookback from 90 to 200 for USDJPY
[2025-07-17 05:40:47] INFO fetch_market: [DEBUG] Using lookback=200 for USDJPY
[2025-07-17 05:40:47] INFO fetch_market: Fetching data for USDJPY using Yahoo symbol: USDJPY=X
[2025-07-17 05:40:48] ERROR fetch_market: Data is empty for USDJPY after fetch.
[2025-07-17 05:40:48] INFO fetch_market: [DEBUG] Increasing lookback from 90 to 200 for USDJPY
[2025-07-17 05:40:48] INFO fetch_market: [DEBUG] Using lookback=200 for USDJPY
[2025-07-17 05:40:48] INFO fetch_market: Fetching data for USDJPY using Yahoo symbol: USDJPY=X
[2025-07-17 05:40:50] INFO fetch_market: [DEBUG] Increasing lookback from 90 to 200 for USDJPY
[2025-07-17 05:40:50] INFO fetch_market: [DEBUG] Using lookback=200 for USDJPY
[2025-07-17 05:40:50] INFO fetch_market: Fetching data for USDJPY using Yahoo symbol: USDJPY=X
[2025-07-17 05:40:52] INFO fetch_market: [DEBUG] Increasing lookback from 90 to 200 for BTCUSD
[2025-07-17 05:40:52] INFO fetch_market: [DEBUG] Using lookback=200 for BTCUSD
[2025-07-17 05:40:52] INFO fetch_market: Fetching data for BTCUSD using Yahoo symbol: BTC-USD
[2025-07-17 05:41:07] INFO fetch_market: [DEBUG] Increasing lookback from 90 to 200 for USDJPY
[2025-07-17 05:41:07] INFO fetch_market: [DEBUG] Using lookback=200 for USDJPY
[2025-07-17 05:41:07] INFO fetch_market: Fetching data for USDJPY using Yahoo symbol: USDJPY=X
[2025-07-17 05:41:09] ERROR fetch_market: Data is empty for USDJPY after fetch.
[2025-07-17 05:41:09] INFO fetch_market: [DEBUG] Increasing lookback from 90 to 200 for USDJPY
[2025-07-17 05:41:09] INFO fetch_market: [DEBUG] Using lookback=200 for USDJPY
[2025-07-17 05:41:09] INFO fetch_market: Fetching data for USDJPY using Yahoo symbol: USDJPY=X
[2025-07-17 05:41:10] INFO fetch_market: [DEBUG] Increasing lookback from 90 to 200 for USDJPY
[2025-07-17 05:41:10] INFO fetch_market: [DEBUG] Using lookback=200 for USDJPY
[2025-07-17 05:41:10] INFO fetch_market: Fetching data for USDJPY using Yahoo symbol: USDJPY=X
[2025-07-17 05:43:22] INFO fetch_market: [DEBUG] Increasing lookback from 90 to 200 for USDJPY
[2025-07-17 05:43:22] INFO fetch_market: [DEBUG] Using lookback=200 for USDJPY
[2025-07-17 05:43:22] INFO fetch_market: Fetching data for USDJPY using Yahoo symbol: USDJPY=X
[2025-07-17 05:43:26] INFO fetch_market: [DEBUG] Increasing lookback from 90 to 200 for USDJPY
[2025-07-17 05:43:26] INFO fetch_market: [DEBUG] Using lookback=200 for USDJPY
[2025-07-17 05:43:26] INFO fetch_market: Fetching data for USDJPY using Yahoo symbol: USDJPY=X
[2025-07-17 05:43:27] ERROR fetch_market: Data is empty for USDJPY after fetch.
[2025-07-17 05:43:27] INFO fetch_market: [DEBUG] Increasing lookback from 90 to 200 for USDJPY
[2025-07-17 05:43:27] INFO fetch_market: [DEBUG] Using lookback=200 for USDJPY
[2025-07-17 05:43:27] INFO fetch_market: Fetching data for USDJPY using Yahoo symbol: USDJPY=X
[2025-07-17 05:43:28] INFO fetch_market: [DEBUG] Increasing lookback from 90 to 200 for USDJPY
[2025-07-17 05:43:28] INFO fetch_market: [DEBUG] Using lookback=200 for USDJPY
[2025-07-17 05:43:28] INFO fetch_market: Fetching data for USDJPY using Yahoo symbol: USDJPY=X
[2025-07-17 05:43:31] INFO fetch_market: [DEBUG] Increasing lookback from 90 to 200 for BTCUSD
[2025-07-17 05:43:31] INFO fetch_market: [DEBUG] Using lookback=200 for BTCUSD
[2025-07-17 05:43:31] INFO fetch_market: Fetching data for BTCUSD using Yahoo symbol: BTC-USD
[2025-07-17 05:43:44] INFO fetch_market: [DEBUG] Increasing lookback from 90 to 200 for USDJPY
[2025-07-17 05:43:44] INFO fetch_market: [DEBUG] Using lookback=200 for USDJPY
[2025-07-17 05:43:44] INFO fetch_market: Fetching data for USDJPY using Yahoo symbol: USDJPY=X
[2025-07-17 05:43:46] ERROR fetch_market: Data is empty for USDJPY after fetch.
[2025-07-17 05:43:46] INFO fetch_market: [DEBUG] Increasing lookback from 90 to 200 for USDJPY
[2025-07-17 05:43:46] INFO fetch_market: [DEBUG] Using lookback=200 for USDJPY
[2025-07-17 05:43:46] INFO fetch_market: Fetching data for USDJPY using Yahoo symbol: USDJPY=X
[2025-07-17 05:43:47] INFO fetch_market: [DEBUG] Increasing lookback from 90 to 200 for USDJPY
[2025-07-17 05:43:47] INFO fetch_market: [DEBUG] Using lookback=200 for USDJPY
[2025-07-17 05:43:47] INFO fetch_market: Fetching data for USDJPY using Yahoo symbol: USDJPY=X
[2025-07-17 05:47:05] INFO fetch_market: [DEBUG] Increasing lookback from 90 to 200 for USDJPY
[2025-07-17 05:47:05] INFO fetch_market: [DEBUG] Using lookback=200 for USDJPY
[2025-07-17 05:47:05] INFO fetch_market: Fetching data for USDJPY using Yahoo symbol: USDJPY=X
[2025-07-17 05:47:09] INFO fetch_market: [DEBUG] Increasing lookback from 90 to 200 for USDJPY
[2025-07-17 05:47:09] INFO fetch_market: [DEBUG] Using lookback=200 for USDJPY
[2025-07-17 05:47:09] INFO fetch_market: Fetching data for USDJPY using Yahoo symbol: USDJPY=X
[2025-07-17 05:47:10] ERROR fetch_market: Data is empty for USDJPY after fetch.
[2025-07-17 05:47:10] INFO fetch_market: [DEBUG] Increasing lookback from 90 to 200 for USDJPY
[2025-07-17 05:47:10] INFO fetch_market: [DEBUG] Using lookback=200 for USDJPY
[2025-07-17 05:47:10] INFO fetch_market: Fetching data for USDJPY using Yahoo symbol: USDJPY=X
[2025-07-17 05:47:12] INFO fetch_market: [DEBUG] Increasing lookback from 90 to 200 for USDJPY
[2025-07-17 05:47:12] INFO fetch_market: [DEBUG] Using lookback=200 for USDJPY
[2025-07-17 05:47:12] INFO fetch_market: Fetching data for USDJPY using Yahoo symbol: USDJPY=X
[2025-07-17 05:47:14] INFO fetch_market: [DEBUG] Increasing lookback from 90 to 200 for BTCUSD
[2025-07-17 05:47:14] INFO fetch_market: [DEBUG] Using lookback=200 for BTCUSD
[2025-07-17 05:47:14] INFO fetch_market: Fetching data for BTCUSD using Yahoo symbol: BTC-USD
[2025-07-17 05:47:26] INFO fetch_market: [DEBUG] Increasing lookback from 90 to 200 for USDJPY
[2025-07-17 05:47:26] INFO fetch_market: [DEBUG] Using lookback=200 for USDJPY
[2025-07-17 05:47:26] INFO fetch_market: Fetching data for USDJPY using Yahoo symbol: USDJPY=X
[2025-07-17 05:47:28] ERROR fetch_market: Data is empty for USDJPY after fetch.
[2025-07-17 05:47:28] INFO fetch_market: [DEBUG] Increasing lookback from 90 to 200 for USDJPY
[2025-07-17 05:47:28] INFO fetch_market: [DEBUG] Using lookback=200 for USDJPY
[2025-07-17 05:47:28] INFO fetch_market: Fetching data for USDJPY using Yahoo symbol: USDJPY=X
[2025-07-17 05:47:29] INFO fetch_market: [DEBUG] Increasing lookback from 90 to 200 for USDJPY
[2025-07-17 05:47:29] INFO fetch_market: [DEBUG] Using lookback=200 for USDJPY
[2025-07-17 05:47:29] INFO fetch_market: Fetching data for USDJPY using Yahoo symbol: USDJPY=X
[2025-07-17 05:48:28] INFO fetch_market: [DEBUG] Increasing lookback from 90 to 200 for USDJPY
[2025-07-17 05:48:28] INFO fetch_market: [DEBUG] Using lookback=200 for USDJPY
[2025-07-17 05:48:28] INFO fetch_market: Fetching data for USDJPY using Yahoo symbol: USDJPY=X
[2025-07-17 05:48:33] INFO fetch_market: [DEBUG] Increasing lookback from 90 to 200 for USDJPY
[2025-07-17 05:48:33] INFO fetch_market: [DEBUG] Using lookback=200 for USDJPY
[2025-07-17 05:48:33] INFO fetch_market: Fetching data for USDJPY using Yahoo symbol: USDJPY=X
[2025-07-17 05:48:35] ERROR fetch_market: Data is empty for USDJPY after fetch.
[2025-07-17 05:48:35] INFO fetch_market: [DEBUG] Increasing lookback from 90 to 200 for USDJPY
[2025-07-17 05:48:35] INFO fetch_market: [DEBUG] Using lookback=200 for USDJPY
[2025-07-17 05:48:35] INFO fetch_market: Fetching data for USDJPY using Yahoo symbol: USDJPY=X
[2025-07-17 05:48:36] INFO fetch_market: [DEBUG] Increasing lookback from 90 to 200 for USDJPY
[2025-07-17 05:48:36] INFO fetch_market: [DEBUG] Using lookback=200 for USDJPY
[2025-07-17 05:48:36] INFO fetch_market: Fetching data for USDJPY using Yahoo symbol: USDJPY=X
[2025-07-17 05:48:38] INFO fetch_market: [DEBUG] Increasing lookback from 90 to 200 for BTCUSD
[2025-07-17 05:48:38] INFO fetch_market: [DEBUG] Using lookback=200 for BTCUSD
[2025-07-17 05:48:38] INFO fetch_market: Fetching data for BTCUSD using Yahoo symbol: BTC-USD
[2025-07-17 05:48:51] INFO fetch_market: [DEBUG] Increasing lookback from 90 to 200 for USDJPY
[2025-07-17 05:48:51] INFO fetch_market: [DEBUG] Using lookback=200 for USDJPY
[2025-07-17 05:48:51] INFO fetch_market: Fetching data for USDJPY using Yahoo symbol: USDJPY=X
[2025-07-17 05:48:53] ERROR fetch_market: Data is empty for USDJPY after fetch.
[2025-07-17 05:48:53] INFO fetch_market: [DEBUG] Increasing lookback from 90 to 200 for USDJPY
[2025-07-17 05:48:53] INFO fetch_market: [DEBUG] Using lookback=200 for USDJPY
[2025-07-17 05:48:53] INFO fetch_market: Fetching data for USDJPY using Yahoo symbol: USDJPY=X
[2025-07-17 05:48:54] INFO fetch_market: [DEBUG] Increasing lookback from 90 to 200 for USDJPY
[2025-07-17 05:48:54] INFO fetch_market: [DEBUG] Using lookback=200 for USDJPY
[2025-07-17 05:48:54] INFO fetch_market: Fetching data for USDJPY using Yahoo symbol: USDJPY=X
[2025-07-17 05:56:02] INFO fetch_market: [DEBUG] Increasing lookback from 90 to 200 for USDJPY
[2025-07-17 05:56:02] INFO fetch_market: [DEBUG] Using lookback=200 for USDJPY
[2025-07-17 05:56:02] INFO fetch_market: Fetching data for USDJPY using Yahoo symbol: USDJPY=X
[2025-07-17 05:56:06] INFO fetch_market: [DEBUG] Increasing lookback from 90 to 200 for USDJPY
[2025-07-17 05:56:06] INFO fetch_market: [DEBUG] Using lookback=200 for USDJPY
[2025-07-17 05:56:06] INFO fetch_market: Fetching data for USDJPY using Yahoo symbol: USDJPY=X
[2025-07-17 05:56:07] ERROR fetch_market: Data is empty for USDJPY after fetch.
[2025-07-17 05:56:07] INFO fetch_market: [DEBUG] Increasing lookback from 90 to 200 for USDJPY
[2025-07-17 05:56:07] INFO fetch_market: [DEBUG] Using lookback=200 for USDJPY
[2025-07-17 05:56:07] INFO fetch_market: Fetching data for USDJPY using Yahoo symbol: USDJPY=X
[2025-07-17 05:56:08] INFO fetch_market: [DEBUG] Increasing lookback from 90 to 200 for USDJPY
[2025-07-17 05:56:08] INFO fetch_market: [DEBUG] Using lookback=200 for USDJPY
[2025-07-17 05:56:08] INFO fetch_market: Fetching data for USDJPY using Yahoo symbol: USDJPY=X
[2025-07-17 05:56:11] INFO fetch_market: [DEBUG] Increasing lookback from 90 to 200 for BTCUSD
[2025-07-17 05:56:11] INFO fetch_market: [DEBUG] Using lookback=200 for BTCUSD
[2025-07-17 05:56:11] INFO fetch_market: Fetching data for BTCUSD using Yahoo symbol: BTC-USD
[2025-07-17 05:56:23] INFO fetch_market: [DEBUG] Increasing lookback from 90 to 200 for USDJPY
[2025-07-17 05:56:23] INFO fetch_market: [DEBUG] Using lookback=200 for USDJPY
[2025-07-17 05:56:23] INFO fetch_market: Fetching data for USDJPY using Yahoo symbol: USDJPY=X
[2025-07-17 05:56:25] ERROR fetch_market: Data is empty for USDJPY after fetch.
[2025-07-17 05:56:25] INFO fetch_market: [DEBUG] Increasing lookback from 90 to 200 for USDJPY
[2025-07-17 05:56:25] INFO fetch_market: [DEBUG] Using lookback=200 for USDJPY
[2025-07-17 05:56:25] INFO fetch_market: Fetching data for USDJPY using Yahoo symbol: USDJPY=X
[2025-07-17 05:56:26] INFO fetch_market: [DEBUG] Increasing lookback from 90 to 200 for USDJPY
[2025-07-17 05:56:26] INFO fetch_market: [DEBUG] Using lookback=200 for USDJPY
[2025-07-17 05:56:26] INFO fetch_market: Fetching data for USDJPY using Yahoo symbol: USDJPY=X
[2025-07-17 05:57:23] INFO fetch_market: [DEBUG] Increasing lookback from 90 to 200 for USDJPY
[2025-07-17 05:57:23] INFO fetch_market: [DEBUG] Using lookback=200 for USDJPY
[2025-07-17 05:57:23] INFO fetch_market: Fetching data for USDJPY using Yahoo symbol: USDJPY=X
[2025-07-17 05:57:27] INFO fetch_market: [DEBUG] Increasing lookback from 90 to 200 for USDJPY
[2025-07-17 05:57:27] INFO fetch_market: [DEBUG] Using lookback=200 for USDJPY
[2025-07-17 05:57:27] INFO fetch_market: Fetching data for USDJPY using Yahoo symbol: USDJPY=X
[2025-07-17 05:57:28] ERROR fetch_market: Data is empty for USDJPY after fetch.
[2025-07-17 05:57:28] INFO fetch_market: [DEBUG] Increasing lookback from 90 to 200 for USDJPY
[2025-07-17 05:57:28] INFO fetch_market: [DEBUG] Using lookback=200 for USDJPY
[2025-07-17 05:57:28] INFO fetch_market: Fetching data for USDJPY using Yahoo symbol: USDJPY=X
[2025-07-17 05:57:29] INFO fetch_market: [DEBUG] Increasing lookback from 90 to 200 for USDJPY
[2025-07-17 05:57:29] INFO fetch_market: [DEBUG] Using lookback=200 for USDJPY
[2025-07-17 05:57:29] INFO fetch_market: Fetching data for USDJPY using Yahoo symbol: USDJPY=X
[2025-07-17 05:57:31] INFO fetch_market: [DEBUG] Increasing lookback from 90 to 200 for BTCUSD
[2025-07-17 05:57:31] INFO fetch_market: [DEBUG] Using lookback=200 for BTCUSD
[2025-07-17 05:57:31] INFO fetch_market: Fetching data for BTCUSD using Yahoo symbol: BTC-USD
[2025-07-17 05:57:43] INFO fetch_market: [DEBUG] Increasing lookback from 90 to 200 for USDJPY
[2025-07-17 05:57:43] INFO fetch_market: [DEBUG] Using lookback=200 for USDJPY
[2025-07-17 05:57:43] INFO fetch_market: Fetching data for USDJPY using Yahoo symbol: USDJPY=X
[2025-07-17 05:57:45] ERROR fetch_market: Data is empty for USDJPY after fetch.
[2025-07-17 05:57:45] INFO fetch_market: [DEBUG] Increasing lookback from 90 to 200 for USDJPY
[2025-07-17 05:57:45] INFO fetch_market: [DEBUG] Using lookback=200 for USDJPY
[2025-07-17 05:57:45] INFO fetch_market: Fetching data for USDJPY using Yahoo symbol: USDJPY=X
[2025-07-17 05:57:46] INFO fetch_market: [DEBUG] Increasing lookback from 90 to 200 for USDJPY
[2025-07-17 05:57:46] INFO fetch_market: [DEBUG] Using lookback=200 for USDJPY
[2025-07-17 05:57:46] INFO fetch_market: Fetching data for USDJPY using Yahoo symbol: USDJPY=X
