[2025-07-16 13:52:05] INFO news_fetch: IN get_news_sentiment_with_cache: Checking cache for pair=USDJPY, from=2025-07-14, to=2025-07-16
[2025-07-16 13:52:05] INFO news_fetch: Loaded news cache from logs/news_cache.json
[2025-07-16 13:52:05] INFO news_fetch: IN get_news_sentiment: Starting news sentiment fetch for keywords=['USD/JPY', 'USDJPY', 'USD/JPY', 'USDJPY=X'], from=2025-07-14, to=2025-07-16
[2025-07-16 13:52:05] INFO news_fetch: Trying NewsAPI for keyword 'USD/JPY'...
[2025-07-16 13:52:09] INFO news_fetch: NewsAPI: 1 headlines for 'USD/JPY'. Sample: [{'source': {'id': None, 'name': 'Barchart.com'}, 'author': 'Rich Asplund', 'title': 'Dollar Supported by Latest US Tariff Threats', 'description': 'The dollar index (DXY00 ) today is up by +0.07%, and posted a new 2.5-week high. The dollar moved higher due to a slump in stocks, which boosted some...', 'url': 'https://www.barchart.com/story/news/33387350/dollar-supported-by-latest-us-tariff-threats', 'urlToImage': 'https://s.yimg.com/ny/api/res/1.2/YrzLbZx5YPWWvwBr6QTKXQ--/YXBwaWQ9aGlnaGxhbmRlcjt3PTEyMDA7aD04MDE-/https://media.zenfs.com/en/barchart_com_477/e45537fa0954bccea6b645c41b80d7a7', 'publishedAt': '2025-07-14T14:46:37Z', 'content': 'US dollar background by Iluhanos via iStock\r\nThe dollar index (DXY00) today is up by +0.07%, and posted a new 2.5-week high.\xa0 The dollar moved higher due to a slump in stocks, which boosted some liqu… [+4442 chars]'}]
[2025-07-16 13:52:09] INFO news_fetch: Trying NewsAPI for keyword 'USDJPY'...
[2025-07-16 13:52:11] INFO news_fetch: NewsAPI: 1 headlines for 'USDJPY'. Sample: [{'source': {'id': None, 'name': 'Barchart.com'}, 'author': 'Rich Asplund', 'title': 'Dollar Supported by Latest US Tariff Threats', 'description': 'The dollar index (DXY00 ) today is up by +0.07%, and posted a new 2.5-week high. The dollar moved higher due to a slump in stocks, which boosted some...', 'url': 'https://www.barchart.com/story/news/33387350/dollar-supported-by-latest-us-tariff-threats', 'urlToImage': 'https://s.yimg.com/ny/api/res/1.2/YrzLbZx5YPWWvwBr6QTKXQ--/YXBwaWQ9aGlnaGxhbmRlcjt3PTEyMDA7aD04MDE-/https://media.zenfs.com/en/barchart_com_477/e45537fa0954bccea6b645c41b80d7a7', 'publishedAt': '2025-07-14T14:46:37Z', 'content': 'US dollar background by Iluhanos via iStock\r\nThe dollar index (DXY00) today is up by +0.07%, and posted a new 2.5-week high.\xa0 The dollar moved higher due to a slump in stocks, which boosted some liqu… [+4442 chars]'}]
[2025-07-16 13:52:11] INFO news_fetch: Trying NewsAPI for keyword 'USD/JPY'...
[2025-07-16 13:52:17] INFO news_fetch: NewsAPI: 1 headlines for 'USD/JPY'. Sample: [{'source': {'id': None, 'name': 'Barchart.com'}, 'author': 'Rich Asplund', 'title': 'Dollar Supported by Latest US Tariff Threats', 'description': 'The dollar index (DXY00 ) today is up by +0.07%, and posted a new 2.5-week high. The dollar moved higher due to a slump in stocks, which boosted some...', 'url': 'https://www.barchart.com/story/news/33387350/dollar-supported-by-latest-us-tariff-threats', 'urlToImage': 'https://s.yimg.com/ny/api/res/1.2/YrzLbZx5YPWWvwBr6QTKXQ--/YXBwaWQ9aGlnaGxhbmRlcjt3PTEyMDA7aD04MDE-/https://media.zenfs.com/en/barchart_com_477/e45537fa0954bccea6b645c41b80d7a7', 'publishedAt': '2025-07-14T14:46:37Z', 'content': 'US dollar background by Iluhanos via iStock\r\nThe dollar index (DXY00) today is up by +0.07%, and posted a new 2.5-week high.\xa0 The dollar moved higher due to a slump in stocks, which boosted some liqu… [+4442 chars]'}]
[2025-07-16 13:52:17] INFO news_fetch: Trying NewsAPI for keyword 'USDJPY=X'...
[2025-07-16 13:52:20] INFO news_fetch: NewsAPI: 0 headlines for 'USDJPY=X'. Sample: []
[2025-07-16 13:52:20] INFO news_fetch: IN get_news_sentiment: Completed. 3 headlines, avg sentiment=-0.1280
[2025-07-16 13:52:20] INFO news_fetch: Updated news cache for USDJPY
[2025-07-16 13:52:20] INFO news_fetch: IN get_news_sentiment_with_cache: Returning sentiment=-0.128 for pair=USDJPY
[2025-07-16 13:59:38] INFO news_fetch: IN get_news_sentiment_with_cache: Checking cache for pair=USDJPY, from=2025-07-14, to=2025-07-16
[2025-07-16 13:59:38] INFO news_fetch: Loaded news cache from logs/news_cache.json
[2025-07-16 13:59:38] INFO news_fetch: Using cached news sentiment for USDJPY: -0.128
[2025-07-16 14:11:06] INFO news_fetch: IN get_news_sentiment_with_cache: Checking cache for pair=USDJPY, from=2025-07-14, to=2025-07-16
[2025-07-16 14:11:06] INFO news_fetch: Loaded news cache from logs/news_cache.json
[2025-07-16 14:11:06] INFO news_fetch: Using cached news sentiment for USDJPY: -0.128
[2025-07-16 14:13:57] INFO news_fetch: IN get_news_sentiment_with_cache: Checking cache for pair=USDJPY, from=2025-07-14, to=2025-07-16
[2025-07-16 14:13:57] INFO news_fetch: Loaded news cache from logs/news_cache.json
[2025-07-16 14:13:57] INFO news_fetch: Using cached news sentiment for USDJPY: -0.128
[2025-07-16 15:24:47] INFO news_fetch: IN get_news_sentiment_with_cache: Checking cache for pair=USDJPY, from=2025-07-14, to=2025-07-16
[2025-07-16 15:24:47] INFO news_fetch: Loaded news cache from logs/news_cache.json
[2025-07-16 15:24:47] INFO news_fetch: Using cached news sentiment for USDJPY: -0.128
[2025-07-16 15:24:50] INFO news_fetch: IN get_news_sentiment_with_cache: Checking cache for pair=BTCUSD, from=2025-07-14, to=2025-07-16
[2025-07-16 15:24:50] INFO news_fetch: Loaded news cache from logs/news_cache.json
[2025-07-16 15:24:50] INFO news_fetch: Starting news sentiment fetch for ['BTC/USD', 'BTCUSD', 'Bitcoin', 'BTC', 'BTC-USD'], from=2025-07-14, to=2025-07-16, pair=None
[2025-07-16 15:24:50] INFO news_fetch: Trying NewsAPI...
[2025-07-16 15:24:50] INFO news_fetch: Trying NewsAPI for keyword 'BTC/USD'...
[2025-07-16 15:24:52] INFO news_fetch: NewsAPI: 14 headlines for 'BTC/USD'. Sample: [{'source': {'id': None, 'name': 'Investopedia'}, 'author': 'Kyle Torpey', 'title': 'Why the Price of Bitcoin Keeps Hitting Record Highs', 'description': "Bitcoin smashed another record, rising above $123,000 Monday before giving up some of those gains. What's powering the world's largest cryptocurrency to new ...", 'url': 'https://www.investopedia.com/why-is-bitcoin-price-going-up-mstr-ibit-11771462', 'urlToImage': 'https://s.yimg.com/ny/api/res/1.2/.cUFXh3maN5w0iDoNnnRSA--/YXBwaWQ9aGlnaGxhbmRlcjt3PTEyMDA7aD04MDA-/https://media.zenfs.com/en/investopedia_245/01e7435f60d6e764f1c362dafabd4743', 'publishedAt': '2025-07-14T14:47:56Z', 'content': 'Investopedia / Photo Illustration by Alice Morgan / Getty Images\r\n Bitcoin smashed another record, rising above $123,000 Monday.\r\n<ul><li>Bitcoin smashed another record, rising above $123,000 Monday … [+2496 chars]'}, {'source': {'id': None, 'name': 'Investopedia'}, 'author': 'Andrew Kessel', 'title': 'Coinbase Stock Rises on Analyst Optimism, Congressional Work on Pro-Crypto Bills', 'description': 'Shares of Coinbase Global rose Monday as bitcoin hovered near highs and Congress prepared to take on a number of cryptocurrency matters in the coming days.', 'url': 'https://www.investopedia.com/coinbase-stock-rises-on-analyst-optimism-congressional-work-on-pro-crypto-bills-11771683', 'urlToImage': 'https://s.yimg.com/ny/api/res/1.2/5R4mcL0GxdNDAQROS2lmjQ--/YXBwaWQ9aGlnaGxhbmRlcjt3PTEyMDA7aD04MDA-/https://media.zenfs.com/en/investopedia_245/d031ea981dfb2e30e268986762c2dee2', 'publishedAt': '2025-07-14T17:41:09Z', 'content': 'Jakub Porzycki / NurPhoto via Getty Images\r\n Shares of Coinbase have surged nearly 60% so far in 2025.\r\n<ul><li>Oppenheimer analysts lifted their price target for cryptocurrency exchange operator Coi… [+1625 chars]'}, {'source': {'id': None, 'name': 'newsBTC'}, 'author': 'Christian Encila', 'title': '$122,000 And Climbing: Bitcoin Sets New Record As ETFs Drive Demand', 'description': 'Bitcoin rose above the $122,000 mark on Monday. According to data from CoinGecko, prices briefly topped that level before pulling back slightly. The jump comes in the face of strong inflows into spot bitcoin ETFs and growing institutional interest. Traders wa…', 'url': 'http://www.newsbtc.com/news/122000-and-climbing-bitcoin-sets-new-record-as-etfs-drive-demand/', 'urlToImage': 'https://www.newsbtc.com/wp-content/uploads/2025/07/a_a509e2.jpg?fit=1470%2C980', 'publishedAt': '2025-07-14T20:00:26Z', 'content': 'Bitcoin rose above the $122,000 mark on Monday. According to data from CoinGecko, prices briefly topped that level before pulling back slightly.\r\nThe jump comes in the face of strong inflows into spo… [+2602 chars]'}]
[2025-07-16 15:24:52] INFO news_fetch: Trying NewsAPI for keyword 'BTCUSD'...
[2025-07-16 15:24:54] INFO news_fetch: NewsAPI: 14 headlines for 'BTCUSD'. Sample: [{'source': {'id': None, 'name': 'Investopedia'}, 'author': 'Kyle Torpey', 'title': 'Why the Price of Bitcoin Keeps Hitting Record Highs', 'description': "Bitcoin smashed another record, rising above $123,000 Monday before giving up some of those gains. What's powering the world's largest cryptocurrency to new ...", 'url': 'https://www.investopedia.com/why-is-bitcoin-price-going-up-mstr-ibit-11771462', 'urlToImage': 'https://s.yimg.com/ny/api/res/1.2/.cUFXh3maN5w0iDoNnnRSA--/YXBwaWQ9aGlnaGxhbmRlcjt3PTEyMDA7aD04MDA-/https://media.zenfs.com/en/investopedia_245/01e7435f60d6e764f1c362dafabd4743', 'publishedAt': '2025-07-14T14:47:56Z', 'content': 'Investopedia / Photo Illustration by Alice Morgan / Getty Images\r\n Bitcoin smashed another record, rising above $123,000 Monday.\r\n<ul><li>Bitcoin smashed another record, rising above $123,000 Monday … [+2496 chars]'}, {'source': {'id': None, 'name': 'Investopedia'}, 'author': 'Andrew Kessel', 'title': 'Coinbase Stock Rises on Analyst Optimism, Congressional Work on Pro-Crypto Bills', 'description': 'Shares of Coinbase Global rose Monday as bitcoin hovered near highs and Congress prepared to take on a number of cryptocurrency matters in the coming days.', 'url': 'https://www.investopedia.com/coinbase-stock-rises-on-analyst-optimism-congressional-work-on-pro-crypto-bills-11771683', 'urlToImage': 'https://s.yimg.com/ny/api/res/1.2/5R4mcL0GxdNDAQROS2lmjQ--/YXBwaWQ9aGlnaGxhbmRlcjt3PTEyMDA7aD04MDA-/https://media.zenfs.com/en/investopedia_245/d031ea981dfb2e30e268986762c2dee2', 'publishedAt': '2025-07-14T17:41:09Z', 'content': 'Jakub Porzycki / NurPhoto via Getty Images\r\n Shares of Coinbase have surged nearly 60% so far in 2025.\r\n<ul><li>Oppenheimer analysts lifted their price target for cryptocurrency exchange operator Coi… [+1625 chars]'}, {'source': {'id': None, 'name': 'newsBTC'}, 'author': 'Christian Encila', 'title': '$122,000 And Climbing: Bitcoin Sets New Record As ETFs Drive Demand', 'description': 'Bitcoin rose above the $122,000 mark on Monday. According to data from CoinGecko, prices briefly topped that level before pulling back slightly. The jump comes in the face of strong inflows into spot bitcoin ETFs and growing institutional interest. Traders wa…', 'url': 'http://www.newsbtc.com/news/122000-and-climbing-bitcoin-sets-new-record-as-etfs-drive-demand/', 'urlToImage': 'https://www.newsbtc.com/wp-content/uploads/2025/07/a_a509e2.jpg?fit=1470%2C980', 'publishedAt': '2025-07-14T20:00:26Z', 'content': 'Bitcoin rose above the $122,000 mark on Monday. According to data from CoinGecko, prices briefly topped that level before pulling back slightly.\r\nThe jump comes in the face of strong inflows into spo… [+2602 chars]'}]
[2025-07-16 15:24:54] INFO news_fetch: Trying NewsAPI for keyword 'Bitcoin'...
[2025-07-16 15:24:56] INFO news_fetch: NewsAPI: 20 headlines for 'Bitcoin'. Sample: [{'source': {'id': None, 'name': 'Yahoo Entertainment'}, 'author': None, 'title': 'Bitcoin is a volatility hedge, says market strategist', 'description': None, 'url': 'https://consent.yahoo.com/v2/collectConsent?sessionId=1_cc-session_5b2d7230-5d00-4a38-880a-ded11ba39ea1', 'urlToImage': None, 'publishedAt': '2025-07-14T20:25:41Z', 'content': "If you click 'Accept all', we and our partners, including 236 who are part of the IAB Transparency &amp; Consent Framework, will also store and/or access information on a device (in other words, use … [+714 chars]"}, {'source': {'id': None, 'name': 'Yahoo Entertainment'}, 'author': None, 'title': "Bitcoin Market Top Is 'Nowhere Near,' Say Analysts as Price Pauses at $120K", 'description': None, 'url': 'https://consent.yahoo.com/v2/collectConsent?sessionId=1_cc-session_a4d6e1a4-954b-42d5-8be0-7524a3ce9f17', 'urlToImage': None, 'publishedAt': '2025-07-14T20:26:45Z', 'content': "If you click 'Accept all', we and our partners, including 236 who are part of the IAB Transparency &amp; Consent Framework, will also store and/or access information on a device (in other words, use … [+714 chars]"}, {'source': {'id': None, 'name': 'Gizmodo.com'}, 'author': 'Luc Olinga', 'title': 'Bitcoin Hits New Highs Daily, but Experts Warn It’s a ‘Crisis Mode’ Rally', 'description': 'The world’s largest cryptocurrency is on a historic run fueled by new money and government spending, but some analysts warn this is not a normal rally.', 'url': 'https://gizmodo.com/bitcoin-hits-new-highs-daily-but-experts-warn-its-a-crisis-mode-rally-2000628749', 'urlToImage': 'https://gizmodo.com/app/uploads/2023/08/3a333dc0a73e33c91134114af055080b.jpg', 'publishedAt': '2025-07-14T11:02:17Z', 'content': 'Bitcoins historic rally continues with no signs of slowing down.\r\nThe worlds most famous cryptocurrency hit an all-time high overnight from Sunday to Monday, briefly surpassing the symbolic threshold… [+4527 chars]'}]
[2025-07-16 15:24:56] INFO news_fetch: Trying NewsAPI for keyword 'BTC'...
[2025-07-16 15:24:57] INFO news_fetch: NewsAPI: 20 headlines for 'BTC'. Sample: [{'source': {'id': None, 'name': 'Yahoo Entertainment'}, 'author': 'Undercovered Deep Insights', 'title': "Bitcoin's Rally Enters 'Crisis Mode' Territory", 'description': 'Rising debt pressures ignite all time high momentum', 'url': 'https://finance.yahoo.com/news/bitcoins-rally-enters-crisis-mode-165012013.html', 'urlToImage': 'https://media.zenfs.com/en/us.finance.gurufocus/8418d3e5e0cfadc2cca31a74a65f2db0', 'publishedAt': '2025-07-14T16:50:12Z', 'content': "Bitcoin (BTC-USD) blazes past $123,000 as U.S. debt concerns ignite safe-haven demand.\r\nThe world's leading cryptocurrency shattered its prior all-time high this week, surging from about $107,000 at … [+1241 chars]"}, {'source': {'id': None, 'name': 'Biztoc.com'}, 'author': 'coindesk.com', 'title': "Michael Saylor's Strategy Adds 4,225 Bitcoin, Bringing BTC Stack to 601,550", 'description': ', the largest publicly traded company holding bitcoin (BTC), increased its BTC reserves by acquiring 4,225 BTC for a total of $472.5 million last week.\nThis latest addition brings Strategy’s total bitcoin holdings to 601,550 BTC purchased for $42.87 billion, …', 'url': 'https://biztoc.com/x/e4c04120d3c4f0b4', 'urlToImage': 'https://biztoc.com/cdn/e4c04120d3c4f0b4_s.webp', 'publishedAt': '2025-07-14T13:17:56Z', 'content': ', the largest publicly traded company holding bitcoin (BTC), increased its BTC reserves by acquiring 4,225 BTC for a total of $472.5 million last week.This latest addition brings Strategys total bitc… [+139 chars]'}, {'source': {'id': None, 'name': 'Yahoo Entertainment'}, 'author': 'Khyathi Dalal', 'title': 'Why Are Bitcoin, Ethereum, XRP, Dogecoin Suddenly Skyrocketing?', 'description': 'Cryptocurrency markets are off to a blazing start on Monday morning, with Bitcoin making a new all-time high above $123,000. Cryptocurrency Ticker Price...', 'url': 'https://finance.yahoo.com/news/why-bitcoin-ethereum-xrp-dogecoin-213003696.html', 'urlToImage': 'https://media.zenfs.com/en/benzinga_79/4fc25d6805fbb876f671833afc5a88c6', 'publishedAt': '2025-07-14T21:30:03Z', 'content': 'Benzinga and Yahoo Finance LLC may earn commission or revenue on some items through the links below.\r\nCryptocurrency markets are off to a blazing start on Monday morning, with Bitcoin making a new al… [+2689 chars]'}]
[2025-07-16 15:24:57] INFO news_fetch: Trying NewsAPI for keyword 'BTC-USD'...
[2025-07-16 15:25:00] INFO news_fetch: NewsAPI: 20 headlines for 'BTC-USD'. Sample: [{'source': {'id': None, 'name': 'Yahoo Entertainment'}, 'author': 'Undercovered Deep Insights', 'title': "Bitcoin's Rally Enters 'Crisis Mode' Territory", 'description': 'Rising debt pressures ignite all time high momentum', 'url': 'https://finance.yahoo.com/news/bitcoins-rally-enters-crisis-mode-165012013.html', 'urlToImage': 'https://media.zenfs.com/en/us.finance.gurufocus/8418d3e5e0cfadc2cca31a74a65f2db0', 'publishedAt': '2025-07-14T16:50:12Z', 'content': "Bitcoin (BTC-USD) blazes past $123,000 as U.S. debt concerns ignite safe-haven demand.\r\nThe world's leading cryptocurrency shattered its prior all-time high this week, surging from about $107,000 at … [+1241 chars]"}, {'source': {'id': None, 'name': 'Gizmodo.com'}, 'author': 'Luc Olinga', 'title': 'Bitcoin Hits New Highs Daily, but Experts Warn It’s a ‘Crisis Mode’ Rally', 'description': 'The world’s largest cryptocurrency is on a historic run fueled by new money and government spending, but some analysts warn this is not a normal rally.', 'url': 'https://gizmodo.com/bitcoin-hits-new-highs-daily-but-experts-warn-its-a-crisis-mode-rally-2000628749', 'urlToImage': 'https://gizmodo.com/app/uploads/2023/08/3a333dc0a73e33c91134114af055080b.jpg', 'publishedAt': '2025-07-14T11:02:17Z', 'content': 'Bitcoins historic rally continues with no signs of slowing down.\r\nThe worlds most famous cryptocurrency hit an all-time high overnight from Sunday to Monday, briefly surpassing the symbolic threshold… [+4527 chars]'}, {'source': {'id': None, 'name': 'Yahoo Entertainment'}, 'author': 'Kirk Ogunrinde and Suvashree Ghosh', 'title': 'Bitcoin Soars Past $120,000 as US Congress Starts ‘Crypto Week’', 'description': '(Bloomberg) -- Bitcoin breached $120,000 for the first time, with investor enthusiasm showing few signs of dimming as the US House of Representatives...', 'url': 'https://finance.yahoo.com/news/bitcoin-hits-record-high-120-040740231.html', 'urlToImage': 'https://media.zenfs.com/en/bloomberg_holding_pen_162/eb7dea36c8dc87d458971e6e2ea739cf', 'publishedAt': '2025-07-14T08:20:44Z', 'content': '(Bloomberg) Bitcoin (BTC-USD) breached $120,000 for the first time, with investor enthusiasm showing few signs of dimming as the US House of Representatives prepares to consider key industry legislat… [+3092 chars]'}]
[2025-07-16 15:25:00] INFO news_fetch: NewsAPI: 88 headlines found. Sample: ['Why the Price of Bitcoin Keeps Hitting Record Highs']
[2025-07-16 15:25:00] INFO news_fetch: NewsAPI sentiment score: 0.0087
[2025-07-16 15:25:00] INFO news_fetch: Updated news cache for BTCUSD
[2025-07-16 15:25:00] INFO news_fetch: IN get_news_sentiment_with_cache: Returning sentiment=0.008706818181818184 for pair=BTCUSD
[2025-07-16 15:25:04] INFO news_fetch: IN get_news_sentiment_with_cache: Checking cache for pair=USDCHF, from=2025-07-14, to=2025-07-16
[2025-07-16 15:25:04] INFO news_fetch: Loaded news cache from logs/news_cache.json
[2025-07-16 15:25:04] INFO news_fetch: Starting news sentiment fetch for ['USD/CHF', 'USDCHF', 'CHF/USD', 'USDCHF=X'], from=2025-07-14, to=2025-07-16, pair=None
[2025-07-16 15:25:04] INFO news_fetch: Trying NewsAPI...
[2025-07-16 15:25:04] INFO news_fetch: Trying NewsAPI for keyword 'USD/CHF'...
[2025-07-16 15:25:06] INFO news_fetch: NewsAPI: 0 headlines for 'USD/CHF'. Sample: []
[2025-07-16 15:25:06] INFO news_fetch: Trying NewsAPI for keyword 'USDCHF'...
[2025-07-16 15:25:08] INFO news_fetch: NewsAPI: 0 headlines for 'USDCHF'. Sample: []
[2025-07-16 15:25:08] INFO news_fetch: Trying NewsAPI for keyword 'CHF/USD'...
[2025-07-16 15:25:13] INFO news_fetch: NewsAPI: 0 headlines for 'CHF/USD'. Sample: []
[2025-07-16 15:25:13] INFO news_fetch: Trying NewsAPI for keyword 'USDCHF=X'...
[2025-07-16 15:25:15] INFO news_fetch: NewsAPI: 0 headlines for 'USDCHF=X'. Sample: []
[2025-07-16 15:25:15] INFO news_fetch: Trying Alpha Vantage...
[2025-07-16 15:25:15] INFO news_fetch: Trying Alpha Vantage for keyword 'USD/CHF'...
[2025-07-16 15:25:17] INFO news_fetch: Alpha Vantage: No 'feed' in response for 'USD/CHF'. Trying FMP...
[2025-07-16 15:25:17] INFO news_fetch: Trying FMP for keyword 'USD/CHF'...
[2025-07-16 15:25:21] WARNING news_fetch: FMP: Non-200 response for 'USD/CHF': 401
[2025-07-16 15:25:21] INFO news_fetch: Trying Alpha Vantage for keyword 'USDCHF'...
[2025-07-16 15:25:22] INFO news_fetch: Alpha Vantage: No 'feed' in response for 'USDCHF'. Trying FMP...
[2025-07-16 15:25:22] INFO news_fetch: Trying FMP for keyword 'USDCHF'...
[2025-07-16 15:25:26] WARNING news_fetch: FMP: Non-200 response for 'USDCHF': 401
[2025-07-16 15:25:26] INFO news_fetch: Trying Alpha Vantage for keyword 'CHF/USD'...
[2025-07-16 15:25:28] INFO news_fetch: Alpha Vantage: No 'feed' in response for 'CHF/USD'. Trying FMP...
[2025-07-16 15:25:28] INFO news_fetch: Trying FMP for keyword 'CHF/USD'...
[2025-07-16 15:25:30] WARNING news_fetch: FMP: Non-200 response for 'CHF/USD': 401
[2025-07-16 15:25:30] INFO news_fetch: Trying Alpha Vantage for keyword 'USDCHF=X'...
[2025-07-16 15:25:32] INFO news_fetch: Alpha Vantage: No 'feed' in response for 'USDCHF=X'. Trying FMP...
[2025-07-16 15:25:32] INFO news_fetch: Trying FMP for keyword 'USDCHF=X'...
[2025-07-16 15:25:36] WARNING news_fetch: FMP: Non-200 response for 'USDCHF=X': 401
[2025-07-16 15:25:36] INFO news_fetch: Trying FMP...
[2025-07-16 15:25:36] INFO news_fetch: Trying FMP for keyword 'USD/CHF'...
[2025-07-16 15:25:38] WARNING news_fetch: FMP: Non-200 response for 'USD/CHF': 401
[2025-07-16 15:25:38] INFO news_fetch: Trying FMP for keyword 'USDCHF'...
[2025-07-16 15:25:41] WARNING news_fetch: FMP: Non-200 response for 'USDCHF': 401
[2025-07-16 15:25:41] INFO news_fetch: Trying FMP for keyword 'CHF/USD'...
[2025-07-16 15:25:43] WARNING news_fetch: FMP: Non-200 response for 'CHF/USD': 401
[2025-07-16 15:25:43] INFO news_fetch: Trying FMP for keyword 'USDCHF=X'...
[2025-07-16 15:25:46] WARNING news_fetch: FMP: Non-200 response for 'USDCHF=X': 401
[2025-07-16 15:25:46] INFO news_fetch: Trying Finnhub...
[2025-07-16 15:25:46] WARNING news_fetch: Finnhub news sentiment fallback skipped due to complexity.
[2025-07-16 15:25:46] WARNING news_fetch: No news headlines found from any API. Returning neutral sentiment.
[2025-07-16 15:25:46] INFO news_fetch: Updated news cache for USDCHF
[2025-07-16 15:25:46] INFO news_fetch: IN get_news_sentiment_with_cache: Returning sentiment=0.0 for pair=USDCHF
[2025-07-16 15:25:52] INFO news_fetch: IN get_news_sentiment_with_cache: Checking cache for pair=JPYNZD, from=2025-07-14, to=2025-07-16
[2025-07-16 15:25:52] INFO news_fetch: Loaded news cache from logs/news_cache.json
[2025-07-16 15:25:52] INFO news_fetch: Starting news sentiment fetch for ['JPY/NZD', 'JPYNZD', 'NZD/JPY', 'NZDJPY=X'], from=2025-07-14, to=2025-07-16, pair=None
[2025-07-16 15:25:52] INFO news_fetch: Trying NewsAPI...
[2025-07-16 15:25:52] INFO news_fetch: Trying NewsAPI for keyword 'JPY/NZD'...
[2025-07-16 15:25:54] WARNING news_fetch: NewsAPI rate limit hit for keyword 'JPY/NZD'. Trying Alpha Vantage...
[2025-07-16 15:25:54] INFO news_fetch: Trying Alpha Vantage for keyword 'JPY/NZD'...
[2025-07-16 15:25:56] INFO news_fetch: Alpha Vantage: No 'feed' in response for 'JPY/NZD'. Trying FMP...
[2025-07-16 15:25:56] INFO news_fetch: Trying FMP for keyword 'JPY/NZD'...
[2025-07-16 15:25:59] WARNING news_fetch: FMP: Non-200 response for 'JPY/NZD': 401
[2025-07-16 15:25:59] INFO news_fetch: Trying NewsAPI for keyword 'JPYNZD'...
[2025-07-16 15:26:01] WARNING news_fetch: NewsAPI rate limit hit for keyword 'JPYNZD'. Trying Alpha Vantage...
[2025-07-16 15:26:01] INFO news_fetch: Trying Alpha Vantage for keyword 'JPYNZD'...
[2025-07-16 15:26:04] INFO news_fetch: Alpha Vantage: No 'feed' in response for 'JPYNZD'. Trying FMP...
[2025-07-16 15:26:04] INFO news_fetch: Trying FMP for keyword 'JPYNZD'...
[2025-07-16 15:26:06] WARNING news_fetch: FMP: Non-200 response for 'JPYNZD': 401
[2025-07-16 15:26:06] INFO news_fetch: Trying NewsAPI for keyword 'NZD/JPY'...
[2025-07-16 15:26:08] WARNING news_fetch: NewsAPI rate limit hit for keyword 'NZD/JPY'. Trying Alpha Vantage...
[2025-07-16 15:26:08] INFO news_fetch: Trying Alpha Vantage for keyword 'NZD/JPY'...
[2025-07-16 15:26:10] INFO news_fetch: Alpha Vantage: No 'feed' in response for 'NZD/JPY'. Trying FMP...
[2025-07-16 15:26:10] INFO news_fetch: Trying FMP for keyword 'NZD/JPY'...
[2025-07-16 15:26:12] WARNING news_fetch: FMP: Non-200 response for 'NZD/JPY': 401
[2025-07-16 15:26:12] INFO news_fetch: Trying NewsAPI for keyword 'NZDJPY=X'...
[2025-07-16 15:26:14] WARNING news_fetch: NewsAPI rate limit hit for keyword 'NZDJPY=X'. Trying Alpha Vantage...
[2025-07-16 15:26:14] INFO news_fetch: Trying Alpha Vantage for keyword 'NZDJPY=X'...
[2025-07-16 15:26:16] INFO news_fetch: Alpha Vantage: No 'feed' in response for 'NZDJPY=X'. Trying FMP...
[2025-07-16 15:26:16] INFO news_fetch: Trying FMP for keyword 'NZDJPY=X'...
[2025-07-16 15:26:19] WARNING news_fetch: FMP: Non-200 response for 'NZDJPY=X': 401
[2025-07-16 15:26:19] INFO news_fetch: Trying Alpha Vantage...
[2025-07-16 15:26:19] INFO news_fetch: Trying Alpha Vantage for keyword 'JPY/NZD'...
[2025-07-16 15:26:20] INFO news_fetch: Alpha Vantage: No 'feed' in response for 'JPY/NZD'. Trying FMP...
[2025-07-16 15:26:20] INFO news_fetch: Trying FMP for keyword 'JPY/NZD'...
[2025-07-16 15:26:23] WARNING news_fetch: FMP: Non-200 response for 'JPY/NZD': 401
[2025-07-16 15:26:23] INFO news_fetch: Trying Alpha Vantage for keyword 'JPYNZD'...
[2025-07-16 15:26:27] INFO news_fetch: Alpha Vantage: No 'feed' in response for 'JPYNZD'. Trying FMP...
[2025-07-16 15:26:27] INFO news_fetch: Trying FMP for keyword 'JPYNZD'...
[2025-07-16 15:26:29] WARNING news_fetch: FMP: Non-200 response for 'JPYNZD': 401
[2025-07-16 15:26:29] INFO news_fetch: Trying Alpha Vantage for keyword 'NZD/JPY'...
[2025-07-16 15:26:33] INFO news_fetch: Alpha Vantage: No 'feed' in response for 'NZD/JPY'. Trying FMP...
[2025-07-16 15:26:33] INFO news_fetch: Trying FMP for keyword 'NZD/JPY'...
[2025-07-16 15:26:37] WARNING news_fetch: FMP: Non-200 response for 'NZD/JPY': 401
[2025-07-16 15:26:37] INFO news_fetch: Trying Alpha Vantage for keyword 'NZDJPY=X'...
[2025-07-16 15:26:39] INFO news_fetch: Alpha Vantage: No 'feed' in response for 'NZDJPY=X'. Trying FMP...
[2025-07-16 15:26:39] INFO news_fetch: Trying FMP for keyword 'NZDJPY=X'...
[2025-07-16 15:26:41] WARNING news_fetch: FMP: Non-200 response for 'NZDJPY=X': 401
[2025-07-16 15:26:41] INFO news_fetch: Trying FMP...
[2025-07-16 15:26:41] INFO news_fetch: Trying FMP for keyword 'JPY/NZD'...
[2025-07-16 15:26:44] WARNING news_fetch: FMP: Non-200 response for 'JPY/NZD': 401
[2025-07-16 15:26:44] INFO news_fetch: Trying FMP for keyword 'JPYNZD'...
[2025-07-16 15:26:46] WARNING news_fetch: FMP: Non-200 response for 'JPYNZD': 401
[2025-07-16 15:26:46] INFO news_fetch: Trying FMP for keyword 'NZD/JPY'...
[2025-07-16 15:26:49] WARNING news_fetch: FMP: Non-200 response for 'NZD/JPY': 401
[2025-07-16 15:26:49] INFO news_fetch: Trying FMP for keyword 'NZDJPY=X'...
[2025-07-16 15:26:51] WARNING news_fetch: FMP: Non-200 response for 'NZDJPY=X': 401
[2025-07-16 15:26:51] INFO news_fetch: Trying Finnhub...
[2025-07-16 15:26:51] WARNING news_fetch: Finnhub news sentiment fallback skipped due to complexity.
[2025-07-16 15:26:51] WARNING news_fetch: No news headlines found from any API. Returning neutral sentiment.
[2025-07-16 15:26:51] INFO news_fetch: Updated news cache for JPYNZD
[2025-07-16 15:26:51] INFO news_fetch: IN get_news_sentiment_with_cache: Returning sentiment=0.0 for pair=JPYNZD
[2025-07-16 15:36:45] INFO news_fetch: IN get_news_sentiment_with_cache: Checking cache for pair=USDJPY, from=2025-07-14, to=2025-07-16
[2025-07-16 15:36:45] INFO news_fetch: Loaded news cache from logs/news_cache.json
[2025-07-16 15:36:45] INFO news_fetch: Using cached news sentiment for USDJPY: -0.128
[2025-07-16 15:48:23] INFO news_fetch: IN get_news_sentiment_with_cache: Checking cache for pair=BTCUSD, from=2025-07-14, to=2025-07-16
[2025-07-16 15:48:23] INFO news_fetch: Loaded news cache from logs/news_cache.json
[2025-07-16 15:48:23] INFO news_fetch: Using cached news sentiment for BTCUSD: 0.008706818181818184
[2025-07-16 15:54:15] INFO news_fetch: IN get_news_sentiment_with_cache: Checking cache for pair=USDCHF, from=2025-07-14, to=2025-07-16
[2025-07-16 15:54:15] INFO news_fetch: Loaded news cache from logs/news_cache.json
[2025-07-16 15:54:15] INFO news_fetch: Using cached news sentiment for USDCHF: 0.0
[2025-07-16 15:59:28] INFO news_fetch: IN get_news_sentiment_with_cache: Checking cache for pair=JPYNZD, from=2025-07-14, to=2025-07-16
[2025-07-16 15:59:28] INFO news_fetch: Loaded news cache from logs/news_cache.json
[2025-07-16 15:59:28] INFO news_fetch: Using cached news sentiment for JPYNZD: 0.0
[2025-07-16 16:07:56] INFO news_fetch: IN get_news_sentiment_with_cache: Checking cache for pair=USDJPY, from=2025-07-14, to=2025-07-16
[2025-07-16 16:07:56] INFO news_fetch: Loaded news cache from logs/news_cache.json
[2025-07-16 16:07:56] INFO news_fetch: Using cached news sentiment for USDJPY: -0.128
[2025-07-16 16:08:04] INFO news_fetch: IN get_news_sentiment_with_cache: Checking cache for pair=BTCUSD, from=2025-07-14, to=2025-07-16
[2025-07-16 16:08:04] INFO news_fetch: Loaded news cache from logs/news_cache.json
[2025-07-16 16:08:04] INFO news_fetch: Using cached news sentiment for BTCUSD: 0.008706818181818184
[2025-07-16 16:08:13] INFO news_fetch: IN get_news_sentiment_with_cache: Checking cache for pair=USDCHF, from=2025-07-14, to=2025-07-16
[2025-07-16 16:08:13] INFO news_fetch: Loaded news cache from logs/news_cache.json
[2025-07-16 16:08:13] INFO news_fetch: Using cached news sentiment for USDCHF: 0.0
[2025-07-16 16:08:19] INFO news_fetch: IN get_news_sentiment_with_cache: Checking cache for pair=JPYNZD, from=2025-07-14, to=2025-07-16
[2025-07-16 16:08:19] INFO news_fetch: Loaded news cache from logs/news_cache.json
[2025-07-16 16:08:19] INFO news_fetch: Using cached news sentiment for JPYNZD: 0.0
[2025-07-16 18:34:29] INFO news_fetch: IN get_news_sentiment_with_cache: Checking cache for pair=USDJPY, from=2025-07-14, to=2025-07-16
[2025-07-16 18:34:29] INFO news_fetch: Loaded news cache from logs/news_cache.json
[2025-07-16 18:34:29] INFO news_fetch: Starting news sentiment fetch for ['USD/JPY', 'USDJPY', 'USD/JPY', 'USDJPY=X'], from=2025-07-14, to=2025-07-16, pair=None
[2025-07-16 18:34:29] INFO news_fetch: Trying NewsAPI...
[2025-07-16 18:34:29] INFO news_fetch: Trying NewsAPI for keyword 'USD/JPY'...
[2025-07-16 18:34:31] WARNING news_fetch: NewsAPI rate limit hit for keyword 'USD/JPY'. Trying Alpha Vantage...
[2025-07-16 18:34:31] INFO news_fetch: Trying Alpha Vantage for keyword 'USD/JPY'...
[2025-07-16 18:34:32] INFO news_fetch: Alpha Vantage: No 'feed' in response for 'USD/JPY'. Trying FMP...
[2025-07-16 18:34:32] INFO news_fetch: Trying FMP for keyword 'USD/JPY'...
[2025-07-16 18:34:33] WARNING news_fetch: FMP: Non-200 response for 'USD/JPY': 403
[2025-07-16 18:34:33] INFO news_fetch: Trying NewsAPI for keyword 'USDJPY'...
[2025-07-16 18:34:34] WARNING news_fetch: NewsAPI rate limit hit for keyword 'USDJPY'. Trying Alpha Vantage...
[2025-07-16 18:34:34] INFO news_fetch: Trying Alpha Vantage for keyword 'USDJPY'...
[2025-07-16 18:34:35] INFO news_fetch: Alpha Vantage: No 'feed' in response for 'USDJPY'. Trying FMP...
[2025-07-16 18:34:35] INFO news_fetch: Trying FMP for keyword 'USDJPY'...
[2025-07-16 18:34:36] WARNING news_fetch: FMP: Non-200 response for 'USDJPY': 403
[2025-07-16 18:34:36] INFO news_fetch: Trying NewsAPI for keyword 'USD/JPY'...
[2025-07-16 18:34:36] WARNING news_fetch: NewsAPI rate limit hit for keyword 'USD/JPY'. Trying Alpha Vantage...
[2025-07-16 18:34:36] INFO news_fetch: Trying Alpha Vantage for keyword 'USD/JPY'...
[2025-07-16 18:34:37] INFO news_fetch: Alpha Vantage: No 'feed' in response for 'USD/JPY'. Trying FMP...
[2025-07-16 18:34:37] INFO news_fetch: Trying FMP for keyword 'USD/JPY'...
[2025-07-16 18:34:38] WARNING news_fetch: FMP: Non-200 response for 'USD/JPY': 403
[2025-07-16 18:34:38] INFO news_fetch: Trying NewsAPI for keyword 'USDJPY=X'...
[2025-07-16 18:34:39] WARNING news_fetch: NewsAPI rate limit hit for keyword 'USDJPY=X'. Trying Alpha Vantage...
[2025-07-16 18:34:39] INFO news_fetch: Trying Alpha Vantage for keyword 'USDJPY=X'...
[2025-07-16 18:34:40] INFO news_fetch: Alpha Vantage: No 'feed' in response for 'USDJPY=X'. Trying FMP...
[2025-07-16 18:34:40] INFO news_fetch: Trying FMP for keyword 'USDJPY=X'...
[2025-07-16 18:34:41] WARNING news_fetch: FMP: Non-200 response for 'USDJPY=X': 403
[2025-07-16 18:34:41] INFO news_fetch: Trying Alpha Vantage...
[2025-07-16 18:34:41] INFO news_fetch: Trying Alpha Vantage for keyword 'USD/JPY'...
[2025-07-16 18:34:42] INFO news_fetch: Alpha Vantage: No 'feed' in response for 'USD/JPY'. Trying FMP...
[2025-07-16 18:34:42] INFO news_fetch: Trying FMP for keyword 'USD/JPY'...
[2025-07-16 18:34:43] WARNING news_fetch: FMP: Non-200 response for 'USD/JPY': 403
[2025-07-16 18:34:43] INFO news_fetch: Trying Alpha Vantage for keyword 'USDJPY'...
[2025-07-16 18:34:44] INFO news_fetch: Alpha Vantage: No 'feed' in response for 'USDJPY'. Trying FMP...
[2025-07-16 18:34:44] INFO news_fetch: Trying FMP for keyword 'USDJPY'...
[2025-07-16 18:34:46] WARNING news_fetch: FMP: Non-200 response for 'USDJPY': 403
[2025-07-16 18:34:46] INFO news_fetch: Trying Alpha Vantage for keyword 'USD/JPY'...
[2025-07-16 18:34:46] INFO news_fetch: Alpha Vantage: No 'feed' in response for 'USD/JPY'. Trying FMP...
[2025-07-16 18:34:46] INFO news_fetch: Trying FMP for keyword 'USD/JPY'...
[2025-07-16 18:34:48] WARNING news_fetch: FMP: Non-200 response for 'USD/JPY': 403
[2025-07-16 18:34:48] INFO news_fetch: Trying Alpha Vantage for keyword 'USDJPY=X'...
[2025-07-16 18:34:48] INFO news_fetch: Alpha Vantage: No 'feed' in response for 'USDJPY=X'. Trying FMP...
[2025-07-16 18:34:48] INFO news_fetch: Trying FMP for keyword 'USDJPY=X'...
[2025-07-16 18:34:49] WARNING news_fetch: FMP: Non-200 response for 'USDJPY=X': 403
[2025-07-16 18:34:49] INFO news_fetch: Trying FMP...
[2025-07-16 18:34:49] INFO news_fetch: Trying FMP for keyword 'USD/JPY'...
[2025-07-16 18:34:50] WARNING news_fetch: FMP: Non-200 response for 'USD/JPY': 403
[2025-07-16 18:34:50] INFO news_fetch: Trying FMP for keyword 'USDJPY'...
[2025-07-16 18:34:52] WARNING news_fetch: FMP: Non-200 response for 'USDJPY': 403
[2025-07-16 18:34:52] INFO news_fetch: Trying FMP for keyword 'USD/JPY'...
[2025-07-16 18:34:54] WARNING news_fetch: FMP: Non-200 response for 'USD/JPY': 403
[2025-07-16 18:34:54] INFO news_fetch: Trying FMP for keyword 'USDJPY=X'...
[2025-07-16 18:34:55] WARNING news_fetch: FMP: Non-200 response for 'USDJPY=X': 403
[2025-07-16 18:34:55] INFO news_fetch: Trying Finnhub...
[2025-07-16 18:34:55] WARNING news_fetch: Finnhub news sentiment fallback skipped due to complexity.
[2025-07-16 18:34:55] WARNING news_fetch: No news headlines found from any API. Returning neutral sentiment.
[2025-07-16 18:34:55] INFO news_fetch: Updated news cache for USDJPY
[2025-07-16 18:34:55] INFO news_fetch: IN get_news_sentiment_with_cache: Returning sentiment=0.0 for pair=USDJPY
[2025-07-16 18:35:00] INFO news_fetch: IN get_news_sentiment_with_cache: Checking cache for pair=BTCUSD, from=2025-07-14, to=2025-07-16
[2025-07-16 18:35:00] INFO news_fetch: Loaded news cache from logs/news_cache.json
[2025-07-16 18:35:00] INFO news_fetch: Using cached news sentiment for BTCUSD: 0.008706818181818184
[2025-07-16 18:35:03] INFO news_fetch: IN get_news_sentiment_with_cache: Checking cache for pair=USDCHF, from=2025-07-14, to=2025-07-16
[2025-07-16 18:35:03] INFO news_fetch: Loaded news cache from logs/news_cache.json
[2025-07-16 18:35:03] INFO news_fetch: Using cached news sentiment for USDCHF: 0.0
[2025-07-16 18:35:06] INFO news_fetch: IN get_news_sentiment_with_cache: Checking cache for pair=JPYNZD, from=2025-07-14, to=2025-07-16
[2025-07-16 18:35:06] INFO news_fetch: Loaded news cache from logs/news_cache.json
[2025-07-16 18:35:06] INFO news_fetch: Using cached news sentiment for JPYNZD: 0.0
[2025-07-16 18:37:54] INFO news_fetch: IN get_news_sentiment_with_cache: Checking cache for pair=USDJPY, from=2025-07-14, to=2025-07-16
[2025-07-16 18:37:54] INFO news_fetch: Loaded news cache from logs/news_cache.json
[2025-07-16 18:37:54] INFO news_fetch: Using cached news sentiment for USDJPY: 0.0
[2025-07-16 18:38:06] INFO news_fetch: IN get_news_sentiment_with_cache: Checking cache for pair=BTCUSD, from=2025-07-14, to=2025-07-16
[2025-07-16 18:38:06] INFO news_fetch: Loaded news cache from logs/news_cache.json
[2025-07-16 18:38:06] INFO news_fetch: Using cached news sentiment for BTCUSD: 0.008706818181818184
[2025-07-16 18:38:20] INFO news_fetch: IN get_news_sentiment_with_cache: Checking cache for pair=USDCHF, from=2025-07-14, to=2025-07-16
[2025-07-16 18:38:20] INFO news_fetch: Loaded news cache from logs/news_cache.json
[2025-07-16 18:38:20] INFO news_fetch: Using cached news sentiment for USDCHF: 0.0
