[DEBUG] About to fetch data for USDJPY (symbol: USDJPY=X) with yfinance...
[DEBUG] Data fetched for USDJPY. Type: <class 'pandas.core.frame.DataFrame'>, Shape: (4685, 5)
[DEBUG] Flattened columns: Index(['USDJPY=X', 'USDJPY=X', 'USDJPY=X', 'USDJPY=X', 'USDJPY=X'], dtype='object')
[DEBUG] Renamed columns to standard OHLCV: Index(['Open', 'High', 'Low', 'Close', 'Volume'], dtype='object')
[DEBUG] Data before dropna for USDJPY:
                                 Open        High  ...       Close  Volume
Datetime                                           ...                    
2024-10-10 23:00:00+00:00  148.703003  148.746002  ...  148.658997       0
2024-10-11 00:00:00+00:00  148.459000  148.761993  ...  148.701004       0
2024-10-11 01:00:00+00:00  148.759995  148.798004  ...  148.457001       0

[3 rows x 5 columns]
[DEBUG] Checking column 'Open' in data for USDJPY...
[DEBUG] NaN count for column 'Open' in USDJPY: 0
[DEBUG] Checking column 'High' in data for USDJPY...
[DEBUG] NaN count for column 'High' in USDJPY: 0
[DEBUG] Checking column 'Low' in data for USDJPY...
[DEBUG] NaN count for column 'Low' in USDJPY: 0
[DEBUG] Checking column 'Close' in data for USDJPY...
[DEBUG] NaN count for column 'Close' in USDJPY: 0
[DEBUG] Checking column 'Volume' in data for USDJPY...
[DEBUG] NaN count for column 'Volume' in USDJPY: 0
[DEBUG] Price data for USDJPY (symbol: USDJPY=X), first 3 rows:
                                 Open        High  ...       Close  Volume
Datetime                                           ...                    
2024-10-10 23:00:00+00:00  148.703003  148.746002  ...  148.658997       0
2024-10-11 00:00:00+00:00  148.459000  148.761993  ...  148.701004       0
2024-10-11 01:00:00+00:00  148.759995  148.798004  ...  148.457001       0

[3 rows x 5 columns]
[DEBUG] About to fetch data for USDJPY (symbol: USDJPY=X) with yfinance...
[DEBUG] Data fetched for USDJPY. Type: <class 'pandas.core.frame.DataFrame'>, Shape: (0, 6)
[DEBUG] About to fetch data for USDJPY (symbol: USDJPY=X) with yfinance...
[DEBUG] Data fetched for USDJPY. Type: <class 'pandas.core.frame.DataFrame'>, Shape: (4685, 5)
[DEBUG] Flattened columns: Index(['USDJPY=X', 'USDJPY=X', 'USDJPY=X', 'USDJPY=X', 'USDJPY=X'], dtype='object')
[DEBUG] Renamed columns to standard OHLCV: Index(['Open', 'High', 'Low', 'Close', 'Volume'], dtype='object')
[DEBUG] Data before dropna for USDJPY:
                                 Open        High  ...       Close  Volume
Datetime                                           ...                    
2024-10-10 23:00:00+00:00  148.703003  148.746002  ...  148.658997       0
2024-10-11 00:00:00+00:00  148.459000  148.761993  ...  148.701004       0
2024-10-11 01:00:00+00:00  148.759995  148.798004  ...  148.457001       0

[3 rows x 5 columns]
[DEBUG] Checking column 'Open' in data for USDJPY...
[DEBUG] NaN count for column 'Open' in USDJPY: 0
[DEBUG] Checking column 'High' in data for USDJPY...
[DEBUG] NaN count for column 'High' in USDJPY: 0
[DEBUG] Checking column 'Low' in data for USDJPY...
[DEBUG] NaN count for column 'Low' in USDJPY: 0
[DEBUG] Checking column 'Close' in data for USDJPY...
[DEBUG] NaN count for column 'Close' in USDJPY: 0
[DEBUG] Checking column 'Volume' in data for USDJPY...
[DEBUG] NaN count for column 'Volume' in USDJPY: 0
[DEBUG] Price data for USDJPY (symbol: USDJPY=X), first 3 rows:
                                 Open        High  ...       Close  Volume
Datetime                                           ...                    
2024-10-10 23:00:00+00:00  148.703003  148.746002  ...  148.658997       0
2024-10-11 00:00:00+00:00  148.459000  148.761993  ...  148.701004       0
2024-10-11 01:00:00+00:00  148.759995  148.798004  ...  148.457001       0

[3 rows x 5 columns]
[DEBUG] About to fetch data for USDJPY (symbol: USDJPY=X) with yfinance...
[DEBUG] Data fetched for USDJPY. Type: <class 'pandas.core.frame.DataFrame'>, Shape: (1190, 5)
[DEBUG] Flattened columns: Index(['USDJPY=X', 'USDJPY=X', 'USDJPY=X', 'USDJPY=X', 'USDJPY=X'], dtype='object')
[DEBUG] Renamed columns to standard OHLCV: Index(['Open', 'High', 'Low', 'Close', 'Volume'], dtype='object')
[DEBUG] Data before dropna for USDJPY:
                                 Open        High  ...       Close  Volume
Datetime                                           ...                    
2024-10-10 23:00:00+00:00  148.666000  148.798004  ...  148.658997       0
2024-10-11 03:00:00+00:00  148.692001  148.856995  ...  148.666000       0
2024-10-11 07:00:00+00:00  149.054001  149.082993  ...  148.688995       0

[3 rows x 5 columns]
[DEBUG] Checking column 'Open' in data for USDJPY...
[DEBUG] NaN count for column 'Open' in USDJPY: 0
[DEBUG] Checking column 'High' in data for USDJPY...
[DEBUG] NaN count for column 'High' in USDJPY: 0
[DEBUG] Checking column 'Low' in data for USDJPY...
[DEBUG] NaN count for column 'Low' in USDJPY: 0
[DEBUG] Checking column 'Close' in data for USDJPY...
[DEBUG] NaN count for column 'Close' in USDJPY: 0
[DEBUG] Checking column 'Volume' in data for USDJPY...
[DEBUG] NaN count for column 'Volume' in USDJPY: 0
[DEBUG] Price data for USDJPY (symbol: USDJPY=X), first 3 rows:
                                 Open        High  ...       Close  Volume
Datetime                                           ...                    
2024-10-10 23:00:00+00:00  148.666000  148.798004  ...  148.658997       0
2024-10-11 03:00:00+00:00  148.692001  148.856995  ...  148.666000       0
2024-10-11 07:00:00+00:00  149.054001  149.082993  ...  148.688995       0

[3 rows x 5 columns]
[DEBUG] About to fetch data for BTCUSD (symbol: BTC-USD) with yfinance...
[DEBUG] Data fetched for BTCUSD. Type: <class 'pandas.core.frame.DataFrame'>, Shape: (4780, 5)
[DEBUG] Flattened columns: Index(['BTC-USD', 'BTC-USD', 'BTC-USD', 'BTC-USD', 'BTC-USD'], dtype='object')
[DEBUG] Renamed columns to standard OHLCV: Index(['Open', 'High', 'Low', 'Close', 'Volume'], dtype='object')
[DEBUG] Data before dropna for BTCUSD:
                                   Open          High  ...         Close      Volume
Datetime                                               ...                          
2024-12-30 00:00:00+00:00  93357.867188  93629.765625  ...  93508.367188   284051456
2024-12-30 01:00:00+00:00  93732.515625  93961.085938  ...  93400.960938  1402789888
2024-12-30 02:00:00+00:00  93692.289062  93758.406250  ...  93758.406250  1030389760

[3 rows x 5 columns]
[DEBUG] Checking column 'Open' in data for BTCUSD...
[DEBUG] NaN count for column 'Open' in BTCUSD: 0
[DEBUG] Checking column 'High' in data for BTCUSD...
[DEBUG] NaN count for column 'High' in BTCUSD: 0
[DEBUG] Checking column 'Low' in data for BTCUSD...
[DEBUG] NaN count for column 'Low' in BTCUSD: 0
[DEBUG] Checking column 'Close' in data for BTCUSD...
[DEBUG] NaN count for column 'Close' in BTCUSD: 0
[DEBUG] Checking column 'Volume' in data for BTCUSD...
[DEBUG] NaN count for column 'Volume' in BTCUSD: 0
[DEBUG] Price data for BTCUSD (symbol: BTC-USD), first 3 rows:
                                   Open          High  ...         Close      Volume
Datetime                                               ...                          
2024-12-30 00:00:00+00:00  93357.867188  93629.765625  ...  93508.367188   284051456
2024-12-30 01:00:00+00:00  93732.515625  93961.085938  ...  93400.960938  1402789888
2024-12-30 02:00:00+00:00  93692.289062  93758.406250  ...  93758.406250  1030389760

[3 rows x 5 columns]
[DEBUG] About to fetch data for USDJPY (symbol: USDJPY=X) with yfinance...
[DEBUG] Data fetched for USDJPY. Type: <class 'pandas.core.frame.DataFrame'>, Shape: (0, 6)
[DEBUG] About to fetch data for USDJPY (symbol: USDJPY=X) with yfinance...
[DEBUG] Data fetched for USDJPY. Type: <class 'pandas.core.frame.DataFrame'>, Shape: (4685, 5)
[DEBUG] Flattened columns: Index(['USDJPY=X', 'USDJPY=X', 'USDJPY=X', 'USDJPY=X', 'USDJPY=X'], dtype='object')
[DEBUG] Renamed columns to standard OHLCV: Index(['Open', 'High', 'Low', 'Close', 'Volume'], dtype='object')
[DEBUG] Data before dropna for USDJPY:
                                 Open        High  ...       Close  Volume
Datetime                                           ...                    
2024-10-10 23:00:00+00:00  148.703003  148.746002  ...  148.658997       0
2024-10-11 00:00:00+00:00  148.459000  148.761993  ...  148.701004       0
2024-10-11 01:00:00+00:00  148.759995  148.798004  ...  148.457001       0

[3 rows x 5 columns]
[DEBUG] Checking column 'Open' in data for USDJPY...
[DEBUG] NaN count for column 'Open' in USDJPY: 0
[DEBUG] Checking column 'High' in data for USDJPY...
[DEBUG] NaN count for column 'High' in USDJPY: 0
[DEBUG] Checking column 'Low' in data for USDJPY...
[DEBUG] NaN count for column 'Low' in USDJPY: 0
[DEBUG] Checking column 'Close' in data for USDJPY...
[DEBUG] NaN count for column 'Close' in USDJPY: 0
[DEBUG] Checking column 'Volume' in data for USDJPY...
[DEBUG] NaN count for column 'Volume' in USDJPY: 0
[DEBUG] Price data for USDJPY (symbol: USDJPY=X), first 3 rows:
                                 Open        High  ...       Close  Volume
Datetime                                           ...                    
2024-10-10 23:00:00+00:00  148.703003  148.746002  ...  148.658997       0
2024-10-11 00:00:00+00:00  148.459000  148.761993  ...  148.701004       0
2024-10-11 01:00:00+00:00  148.759995  148.798004  ...  148.457001       0

[3 rows x 5 columns]
[DEBUG] About to fetch data for USDJPY (symbol: USDJPY=X) with yfinance...
[DEBUG] Data fetched for USDJPY. Type: <class 'pandas.core.frame.DataFrame'>, Shape: (1190, 5)
[DEBUG] Flattened columns: Index(['USDJPY=X', 'USDJPY=X', 'USDJPY=X', 'USDJPY=X', 'USDJPY=X'], dtype='object')
[DEBUG] Renamed columns to standard OHLCV: Index(['Open', 'High', 'Low', 'Close', 'Volume'], dtype='object')
[DEBUG] Data before dropna for USDJPY:
                                 Open        High  ...       Close  Volume
Datetime                                           ...                    
2024-10-10 23:00:00+00:00  148.666000  148.798004  ...  148.658997       0
2024-10-11 03:00:00+00:00  148.692001  148.856995  ...  148.666000       0
2024-10-11 07:00:00+00:00  149.054001  149.082993  ...  148.688995       0

[3 rows x 5 columns]
[DEBUG] Checking column 'Open' in data for USDJPY...
[DEBUG] NaN count for column 'Open' in USDJPY: 0
[DEBUG] Checking column 'High' in data for USDJPY...
[DEBUG] NaN count for column 'High' in USDJPY: 0
[DEBUG] Checking column 'Low' in data for USDJPY...
[DEBUG] NaN count for column 'Low' in USDJPY: 0
[DEBUG] Checking column 'Close' in data for USDJPY...
[DEBUG] NaN count for column 'Close' in USDJPY: 0
[DEBUG] Checking column 'Volume' in data for USDJPY...
[DEBUG] NaN count for column 'Volume' in USDJPY: 0
[DEBUG] Price data for USDJPY (symbol: USDJPY=X), first 3 rows:
                                 Open        High  ...       Close  Volume
Datetime                                           ...                    
2024-10-10 23:00:00+00:00  148.666000  148.798004  ...  148.658997       0
2024-10-11 03:00:00+00:00  148.692001  148.856995  ...  148.666000       0
2024-10-11 07:00:00+00:00  149.054001  149.082993  ...  148.688995       0

[3 rows x 5 columns]
                                  Close          High  ...  future_return  target
Datetime                                               ...                       
2024-12-30 00:00:00+00:00  93508.367188  93629.765625  ...      -0.004342       0
2024-12-30 01:00:00+00:00  93400.960938  93961.085938  ...      -0.000291       0
2024-12-30 02:00:00+00:00  93758.406250  93758.406250  ...      -0.000857       0
2024-12-30 03:00:00+00:00  93669.812500  93849.585938  ...      -0.001218       0
2024-12-30 04:00:00+00:00  93513.437500  93725.492188  ...       0.001572       1

[5 rows x 38 columns]
                                  Close          High  ...  future_return  target
Datetime                                               ...                       
2024-12-30 00:00:00+00:00  93508.367188  93629.765625  ...      -0.004342       0
2024-12-30 01:00:00+00:00  93400.960938  93961.085938  ...      -0.000291       0
2024-12-30 02:00:00+00:00  93758.406250  93758.406250  ...      -0.000857       0
2024-12-30 03:00:00+00:00  93669.812500  93849.585938  ...      -0.001218       0
2024-12-30 04:00:00+00:00  93513.437500  93725.492188  ...       0.001572       1

[5 rows x 38 columns]
DEBUG: df columns after dropna on target: Index(['Close', 'High', 'Low', 'Open', 'Volume', 'supply_zone', 'demand_zone',
       'wyckoff_markdown', 'wyckoff_markup', 'wyckoff_unknown',
       'wyckoff_accumulation', 'wyckoff_distribution', 'head_shoulders',
       'inv_head_shoulders', 'double_top', 'double_bottom', 'rising_wedge',
       'falling_wedge', 'fakeout_up', 'fakeout_down', 'sma_20_4h', 'sma_50_4h',
       'ema_12_4h', 'ema_26_4h', 'rsi_14_4h', 'macd_4h', 'macd_signal_4h',
       'bb_high_4h', 'bb_low_4h', 'atr_14_4h', 'volatility_20_4h',
       'price_vs_sma20_4h', 'price_vs_sma50_4h', 'trend_strength_4h', 'atr_14',
       'volatility_20', 'future_return', 'target'],
      dtype='object')
                                  Close          High  ...  future_return  target
Datetime                                               ...                       
2024-12-30 00:00:00+00:00  93508.367188  93629.765625  ...      -0.004342       0
2024-12-30 01:00:00+00:00  93400.960938  93961.085938  ...      -0.000291       0
2024-12-30 02:00:00+00:00  93758.406250  93758.406250  ...      -0.000857       0
2024-12-30 03:00:00+00:00  93669.812500  93849.585938  ...      -0.001218       0
2024-12-30 04:00:00+00:00  93513.437500  93725.492188  ...       0.001572       1

[5 rows x 38 columns]
Class balance after upsampling:
target
0    1736
1    1736
Name: count, dtype: int64
[LightGBM] [Info] Number of positive: 926, number of negative: 925
[LightGBM] [Info] Auto-choosing row-wise multi-threading, the overhead of testing was 0.001015 seconds.
You can set `force_row_wise=true` to remove the overhead.
And if memory is not enough, you can set `force_col_wise=true`.
[LightGBM] [Info] Total Bins 3600
[LightGBM] [Info] Number of data points in the train set: 1851, number of used features: 24
[LightGBM] [Info] [binary:BoostFromScore]: pavg=0.500000 -> initscore=0.000000
[LightGBM] [Info] Start training from score 0.000000
[LightGBM] [Warning] No further splits with positive gain, best gain: -inf
[LightGBM] [Warning] No further splits with positive gain, best gain: -inf
[LightGBM] [Warning] No further splits with positive gain, best gain: -inf
[LightGBM] [Warning] No further splits with positive gain, best gain: -inf
[LightGBM] [Warning] No further splits with positive gain, best gain: -inf
[LightGBM] [Warning] No further splits with positive gain, best gain: -inf
[LightGBM] [Warning] No further splits with positive gain, best gain: -inf
[LightGBM] [Warning] No further splits with positive gain, best gain: -inf
[LightGBM] [Warning] No further splits with positive gain, best gain: -inf
[LightGBM] [Warning] No further splits with positive gain, best gain: -inf
[LightGBM] [Warning] No further splits with positive gain, best gain: -inf
[LightGBM] [Warning] No further splits with positive gain, best gain: -inf
[LightGBM] [Warning] No further splits with positive gain, best gain: -inf
[LightGBM] [Warning] No further splits with positive gain, best gain: -inf
[LightGBM] [Warning] No further splits with positive gain, best gain: -inf
[LightGBM] [Warning] No further splits with positive gain, best gain: -inf
[LightGBM] [Warning] No further splits with positive gain, best gain: -inf
[LightGBM] [Warning] No further splits with positive gain, best gain: -inf
[LightGBM] [Warning] No further splits with positive gain, best gain: -inf
[LightGBM] [Warning] No further splits with positive gain, best gain: -inf
[LightGBM] [Warning] No further splits with positive gain, best gain: -inf
[LightGBM] [Warning] No further splits with positive gain, best gain: -inf
[LightGBM] [Warning] No further splits with positive gain, best gain: -inf
[LightGBM] [Warning] No further splits with positive gain, best gain: -inf
