[2025-07-17 17:08:10] INFO signal_pipeline: Fetching price data for USDJPY...
[2025-07-17 17:08:10] WARNING signal_pipeline: No price data for USDJPY.
[2025-07-17 17:08:10] INFO signal_pipeline: Fetching price data for BTCUSD...
[2025-07-17 17:08:10] WARNING signal_pipeline: No price data for BTCUSD.
[2025-07-17 17:08:27] INFO signal_pipeline: Fetching price data for USDJPY...
[2025-07-17 17:08:27] WARNING signal_pipeline: No price data for USDJPY.
[2025-07-17 17:08:27] INFO signal_pipeline: Fetching price data for BTCUSD...
[2025-07-17 17:08:27] WARNING signal_pipeline: No price data for BTCUSD.
[2025-07-17 17:08:32] INFO signal_pipeline: Fetching price data for USDJPY...
[2025-07-17 17:08:32] WARNING signal_pipeline: No price data for USDJPY.
[2025-07-17 17:08:32] INFO signal_pipeline: Fetching price data for BTCUSD...
[2025-07-17 17:08:32] WARNING signal_pipeline: No price data for BTCUSD.
[2025-07-17 17:08:50] INFO signal_pipeline: Fetching price data for USDJPY...
[2025-07-17 17:08:50] WARNING signal_pipeline: No price data for USDJPY.
[2025-07-17 17:08:50] INFO signal_pipeline: Fetching price data for BTCUSD...
[2025-07-17 17:08:50] WARNING signal_pipeline: No price data for BTCUSD.
[2025-07-17 17:09:05] INFO signal_pipeline: Fetching price data for USDJPY...
[2025-07-17 17:09:23] INFO signal_pipeline: Fetched 4697 rows of price data for USDJPY
[2025-07-17 17:09:23] INFO signal_pipeline: Fetching news sentiment...
[2025-07-17 17:09:39] INFO signal_pipeline: News sentiment score: -0.0427
[2025-07-17 17:09:39] INFO signal_pipeline: Generating technical indicators with multi-timeframe analysis...
[2025-07-17 17:10:02] INFO signal_pipeline: Feature DataFrame shape: (4697, 70)
[2025-07-17 17:10:02] INFO signal_pipeline: Feature summary (last 5 rows):
                                 Open        High  ...  fib_levels  wyckoff_phases
Datetime                                           ...                            
2025-07-17 12:00:00+00:00  148.714005  149.087006  ...           0               0
2025-07-17 13:00:00+00:00  148.574005  148.753006  ...           0               0
2025-07-17 14:00:00+00:00  148.481003  148.658005  ...           0               0
2025-07-17 15:00:00+00:00  148.552002  148.610992  ...           0               0
2025-07-17 16:00:00+00:00  148.503006  148.570999  ...           0               0

[5 rows x 70 columns]

[2025-07-17 17:10:03] ERROR signal_pipeline: Error in signal pipeline for USDJPY: too many values to unpack (expected 3)
Traceback (most recent call last):
  File "/Users/admin/forex_ai_project/pipeline/signal_pipeline.py", line 58, in run
    model, scaler, feature_cols = model_trainer.train(df, pair)
ValueError: too many values to unpack (expected 3)
[2025-07-17 17:10:03] INFO signal_pipeline: Fetching price data for BTCUSD...
[2025-07-17 17:10:13] WARNING signal_pipeline: No price data for BTCUSD.
[2025-07-17 17:21:00] INFO signal_pipeline: Fetching price data for USDJPY...
[2025-07-17 17:21:17] WARNING signal_pipeline: No price data for USDJPY.
[2025-07-17 17:21:17] INFO signal_pipeline: Fetching price data for BTCUSD...
[2025-07-17 17:21:24] INFO signal_pipeline: Fetched 4792 rows of price data for BTCUSD
[2025-07-17 17:21:24] INFO signal_pipeline: Fetching news sentiment...
[2025-07-17 17:21:34] INFO signal_pipeline: News sentiment score: -0.0557
[2025-07-17 17:21:34] INFO signal_pipeline: Generating technical indicators with multi-timeframe analysis...
[2025-07-17 17:21:47] INFO signal_pipeline: Feature DataFrame shape: (3379, 81)
[2025-07-17 17:21:47] INFO signal_pipeline: Feature summary (last 5 rows):
                                    Open  ...  wyckoff_phases
Datetime                                  ...                
2025-07-17 11:00:00+00:00  118031.359375  ...               0
2025-07-17 12:00:00+00:00  117992.210938  ...               0
2025-07-17 13:00:00+00:00  118419.015625  ...               0
2025-07-17 14:00:00+00:00  118724.523438  ...               0
2025-07-17 15:00:00+00:00  118933.632812  ...               0

[5 rows x 81 columns]

[2025-07-17 17:21:48] INFO signal_pipeline: Model trained successfully!
[2025-07-17 19:00:14] INFO signal_pipeline: Fetching price data for USDJPY...
[2025-07-17 19:00:15] INFO signal_pipeline: Fetched 4699 rows of price data for USDJPY
[2025-07-17 19:00:15] INFO signal_pipeline: Fetching news sentiment...
[2025-07-17 19:00:17] INFO signal_pipeline: News sentiment score: -0.0954
[2025-07-17 19:00:17] INFO signal_pipeline: Generating technical indicators with multi-timeframe analysis...
[2025-07-17 19:00:21] INFO signal_pipeline: Feature DataFrame shape: (4699, 74)
[2025-07-17 19:00:21] INFO signal_pipeline: Feature summary (last 5 rows):
                                 Open        High  ...  fib_levels  wyckoff_phases
Datetime                                           ...                            
2025-07-17 14:00:00+00:00  148.481003  148.658005  ...           0               0
2025-07-17 15:00:00+00:00  148.552002  148.610992  ...           0               0
2025-07-17 16:00:00+00:00  148.625000  148.703995  ...           0               0
2025-07-17 17:00:00+00:00  148.658997  148.673004  ...           0               0
2025-07-17 18:00:00+00:00  148.658997  148.658997  ...           0               0

[5 rows x 74 columns]

[2025-07-17 19:00:23] INFO signal_pipeline: Model trained successfully!
[2025-07-17 19:00:23] INFO signal_pipeline: Fetching price data for BTCUSD...
[2025-07-17 19:00:24] INFO signal_pipeline: Fetched 4793 rows of price data for BTCUSD
[2025-07-17 19:00:24] INFO signal_pipeline: Fetching news sentiment...
[2025-07-17 19:00:30] INFO signal_pipeline: News sentiment score: 0.0000
[2025-07-17 19:00:30] INFO signal_pipeline: Generating technical indicators with multi-timeframe analysis...
[2025-07-17 19:00:34] INFO signal_pipeline: Feature DataFrame shape: (4793, 74)
[2025-07-17 19:00:34] INFO signal_pipeline: Feature summary (last 5 rows):
                                    Open  ...  wyckoff_phases
Datetime                                  ...                
2025-07-17 13:00:00+00:00  118419.015625  ...               0
2025-07-17 14:00:00+00:00  118724.523438  ...               0
2025-07-17 15:00:00+00:00  118933.632812  ...               0
2025-07-17 16:00:00+00:00  118513.140625  ...               0
2025-07-17 17:00:00+00:00  119159.179688  ...               0

[5 rows x 74 columns]

[2025-07-17 19:00:36] INFO signal_pipeline: Model trained successfully!
[2025-07-17 19:30:34] INFO signal_pipeline: Fetching price data for USDJPY...
[2025-07-17 19:30:36] INFO signal_pipeline: Fetched 4699 rows of price data for USDJPY
[2025-07-17 19:30:36] INFO signal_pipeline: Fetching news sentiment...
[2025-07-17 19:30:37] INFO signal_pipeline: News sentiment score: -0.0954
[2025-07-17 19:30:37] INFO signal_pipeline: Generating technical indicators with multi-timeframe analysis...
[2025-07-17 19:30:42] INFO signal_pipeline: Feature DataFrame shape: (4699, 74)
[2025-07-17 19:30:42] INFO signal_pipeline: Feature summary (last 5 rows):
                                 Open        High  ...  fib_levels  wyckoff_phases
Datetime                                           ...                            
2025-07-17 14:00:00+00:00  148.481003  148.658005  ...           0               0
2025-07-17 15:00:00+00:00  148.552002  148.610992  ...           0               0
2025-07-17 16:00:00+00:00  148.625000  148.703995  ...           0               0
2025-07-17 17:00:00+00:00  148.658997  148.673004  ...           0               0
2025-07-17 18:00:00+00:00  148.740997  148.744003  ...           0               0

[5 rows x 74 columns]

[2025-07-17 19:30:43] INFO signal_pipeline: Model trained successfully!
[2025-07-17 19:30:43] ERROR signal_pipeline: Error in signal pipeline for USDJPY: type object 'Config' has no attribute 'KEY_LEVEL_PROXIMITY_THRESHOLDS'
Traceback (most recent call last):
  File "/Users/admin/forex_ai_project/pipeline/signal_pipeline.py", line 64, in run
    signal = generate_signal_output(pair, features_df, prediction_result)
  File "/Users/admin/forex_ai_project/signals/signal_generator.py", line 252, in generate_signal_output
    thresholds = Config.KEY_LEVEL_PROXIMITY_THRESHOLDS.get(key_col.replace('_zone',''), {'percent': 0.3, 'atr': 0.6})
AttributeError: type object 'Config' has no attribute 'KEY_LEVEL_PROXIMITY_THRESHOLDS'
[2025-07-17 19:30:43] INFO signal_pipeline: Fetching price data for BTCUSD...
[2025-07-17 19:30:45] INFO signal_pipeline: Fetched 4794 rows of price data for BTCUSD
[2025-07-17 19:30:45] INFO signal_pipeline: Fetching news sentiment...
[2025-07-17 19:30:55] INFO signal_pipeline: News sentiment score: 0.0000
[2025-07-17 19:30:55] INFO signal_pipeline: Generating technical indicators with multi-timeframe analysis...
[2025-07-17 19:31:00] INFO signal_pipeline: Feature DataFrame shape: (4794, 74)
[2025-07-17 19:31:00] INFO signal_pipeline: Feature summary (last 5 rows):
                                    Open  ...  wyckoff_phases
Datetime                                  ...                
2025-07-17 14:00:00+00:00  118724.523438  ...               0
2025-07-17 15:00:00+00:00  118933.632812  ...               0
2025-07-17 16:00:00+00:00  118513.140625  ...               0
2025-07-17 17:00:00+00:00  119237.335938  ...               0
2025-07-17 18:00:00+00:00  119628.523438  ...               0

[5 rows x 74 columns]

[2025-07-17 19:31:01] INFO signal_pipeline: Model trained successfully!
[2025-07-17 19:31:01] ERROR signal_pipeline: Error in signal pipeline for BTCUSD: type object 'Config' has no attribute 'PATTERN_STRENGTH_THRESHOLDS'
Traceback (most recent call last):
  File "/Users/admin/forex_ai_project/pipeline/signal_pipeline.py", line 64, in run
    signal = generate_signal_output(pair, features_df, prediction_result)
  File "/Users/admin/forex_ai_project/signals/signal_generator.py", line 272, in generate_signal_output
    be_strength = bullish_engulfing_strength(features_df).iloc[-1]
  File "/Users/admin/forex_ai_project/features/patterns.py", line 289, in bullish_engulfing_strength
    strong = engulf & (curr_body >= Config.PATTERN_STRENGTH_THRESHOLDS['engulfing']['body_ratio_strong'] * prev_body)
AttributeError: type object 'Config' has no attribute 'PATTERN_STRENGTH_THRESHOLDS'
[2025-07-17 19:47:58] INFO signal_pipeline: Fetching price data for USDJPY...
[2025-07-17 19:48:00] INFO signal_pipeline: Fetched 4699 rows of price data for USDJPY
[2025-07-17 19:48:00] INFO signal_pipeline: Fetching news sentiment...
[2025-07-17 19:48:02] INFO signal_pipeline: News sentiment score: -0.0954
[2025-07-17 19:48:02] INFO signal_pipeline: Generating technical indicators with multi-timeframe analysis...
[2025-07-17 19:48:07] INFO signal_pipeline: Feature DataFrame shape: (4699, 74)
[2025-07-17 19:48:07] INFO signal_pipeline: Feature summary (last 5 rows):
                                 Open        High  ...  fib_levels  wyckoff_phases
Datetime                                           ...                            
2025-07-17 14:00:00+00:00  148.481003  148.658005  ...           0               0
2025-07-17 15:00:00+00:00  148.552002  148.610992  ...           0               0
2025-07-17 16:00:00+00:00  148.625000  148.703995  ...           0               0
2025-07-17 17:00:00+00:00  148.658997  148.673004  ...           0               0
2025-07-17 18:00:00+00:00  148.684998  148.753006  ...           0               0

[5 rows x 74 columns]

[2025-07-17 19:48:09] INFO signal_pipeline: Model trained successfully!
[2025-07-17 19:48:09] ERROR signal_pipeline: Error in signal pipeline for USDJPY: type object 'Config' has no attribute 'KEY_LEVEL_PROXIMITY_THRESHOLDS'
Traceback (most recent call last):
  File "/Users/admin/forex_ai_project/pipeline/signal_pipeline.py", line 64, in run
    signal = generate_signal_output(pair, features_df, prediction_result)
  File "/Users/admin/forex_ai_project/signals/signal_generator.py", line 252, in generate_signal_output
    thresholds = Config.KEY_LEVEL_PROXIMITY_THRESHOLDS.get(key_col.replace('_zone',''), {'percent': 0.3, 'atr': 0.6})
AttributeError: type object 'Config' has no attribute 'KEY_LEVEL_PROXIMITY_THRESHOLDS'
[2025-07-17 19:48:09] INFO signal_pipeline: Fetching price data for BTCUSD...
[2025-07-17 19:48:10] INFO signal_pipeline: Fetched 4794 rows of price data for BTCUSD
[2025-07-17 19:48:10] INFO signal_pipeline: Fetching news sentiment...
[2025-07-17 19:48:19] INFO signal_pipeline: News sentiment score: 0.0000
[2025-07-17 19:48:19] INFO signal_pipeline: Generating technical indicators with multi-timeframe analysis...
[2025-07-17 19:48:23] INFO signal_pipeline: Feature DataFrame shape: (4794, 74)
[2025-07-17 19:48:23] INFO signal_pipeline: Feature summary (last 5 rows):
                                    Open  ...  wyckoff_phases
Datetime                                  ...                
2025-07-17 14:00:00+00:00  118724.523438  ...               0
2025-07-17 15:00:00+00:00  118933.632812  ...               0
2025-07-17 16:00:00+00:00  118513.140625  ...               0
2025-07-17 17:00:00+00:00  119237.335938  ...               0
2025-07-17 18:00:00+00:00  119772.296875  ...               0

[5 rows x 74 columns]

[2025-07-17 19:48:25] INFO signal_pipeline: Model trained successfully!
[2025-07-17 19:48:25] ERROR signal_pipeline: Error in signal pipeline for BTCUSD: type object 'Config' has no attribute 'PATTERN_STRENGTH_THRESHOLDS'
Traceback (most recent call last):
  File "/Users/admin/forex_ai_project/pipeline/signal_pipeline.py", line 64, in run
    signal = generate_signal_output(pair, features_df, prediction_result)
  File "/Users/admin/forex_ai_project/signals/signal_generator.py", line 272, in generate_signal_output
    be_strength = bullish_engulfing_strength(features_df).iloc[-1]
  File "/Users/admin/forex_ai_project/features/patterns.py", line 289, in bullish_engulfing_strength
    strong = engulf & (curr_body >= Config.PATTERN_STRENGTH_THRESHOLDS['engulfing']['body_ratio_strong'] * prev_body)
AttributeError: type object 'Config' has no attribute 'PATTERN_STRENGTH_THRESHOLDS'
[2025-07-17 20:03:37] INFO signal_pipeline: Fetching price data for USDJPY...
[2025-07-17 20:03:38] INFO signal_pipeline: Fetched 4700 rows of price data for USDJPY
[2025-07-17 20:03:38] INFO signal_pipeline: Fetching news sentiment...
[2025-07-17 20:03:42] INFO signal_pipeline: News sentiment score: -0.0954
[2025-07-17 20:03:42] INFO signal_pipeline: Generating technical indicators with multi-timeframe analysis...
[2025-07-17 20:03:46] INFO signal_pipeline: Feature DataFrame shape: (4700, 74)
[2025-07-17 20:03:46] INFO signal_pipeline: Feature summary (last 5 rows):
                                 Open        High  ...  fib_levels  wyckoff_phases
Datetime                                           ...                            
2025-07-17 15:00:00+00:00  148.552002  148.610992  ...           0               0
2025-07-17 16:00:00+00:00  148.625000  148.703995  ...           0               0
2025-07-17 17:00:00+00:00  148.658997  148.673004  ...           0               0
2025-07-17 18:00:00+00:00  148.725006  148.753006  ...           0               0
2025-07-17 19:00:00+00:00  148.733994  148.753006  ...           0               0

[5 rows x 74 columns]

[2025-07-17 20:03:48] INFO signal_pipeline: Model trained successfully!
[2025-07-17 20:03:48] ERROR signal_pipeline: Error in signal pipeline for USDJPY: type object 'Config' has no attribute 'KEY_LEVEL_PROXIMITY_THRESHOLDS'
Traceback (most recent call last):
  File "/Users/admin/forex_ai_project/pipeline/signal_pipeline.py", line 64, in run
    signal = generate_signal_output(pair, features_df, prediction_result)
  File "/Users/admin/forex_ai_project/signals/signal_generator.py", line 252, in generate_signal_output
    thresholds = Config.KEY_LEVEL_PROXIMITY_THRESHOLDS.get(key_col.replace('_zone',''), {'percent': 0.3, 'atr': 0.6})
AttributeError: type object 'Config' has no attribute 'KEY_LEVEL_PROXIMITY_THRESHOLDS'
[2025-07-17 20:03:48] INFO signal_pipeline: Fetching price data for BTCUSD...
[2025-07-17 20:03:49] INFO signal_pipeline: Fetched 4795 rows of price data for BTCUSD
[2025-07-17 20:03:49] INFO signal_pipeline: Fetching news sentiment...
[2025-07-17 20:03:54] INFO signal_pipeline: News sentiment score: 0.0000
[2025-07-17 20:03:54] INFO signal_pipeline: Generating technical indicators with multi-timeframe analysis...
[2025-07-17 20:03:58] INFO signal_pipeline: Feature DataFrame shape: (4795, 74)
[2025-07-17 20:03:58] INFO signal_pipeline: Feature summary (last 5 rows):
                                    Open  ...  wyckoff_phases
Datetime                                  ...                
2025-07-17 15:00:00+00:00  118933.632812  ...               0
2025-07-17 16:00:00+00:00  118513.140625  ...               0
2025-07-17 17:00:00+00:00  119237.335938  ...               0
2025-07-17 18:00:00+00:00  119633.648438  ...               0
2025-07-17 19:00:00+00:00  119663.343750  ...               0

[5 rows x 74 columns]

[2025-07-17 20:04:00] INFO signal_pipeline: Model trained successfully!
[2025-07-17 20:04:00] ERROR signal_pipeline: Error in signal pipeline for BTCUSD: type object 'Config' has no attribute 'PATTERN_STRENGTH_THRESHOLDS'
Traceback (most recent call last):
  File "/Users/admin/forex_ai_project/pipeline/signal_pipeline.py", line 64, in run
    signal = generate_signal_output(pair, features_df, prediction_result)
  File "/Users/admin/forex_ai_project/signals/signal_generator.py", line 272, in generate_signal_output
    be_strength = bullish_engulfing_strength(features_df).iloc[-1]
  File "/Users/admin/forex_ai_project/features/patterns.py", line 289, in bullish_engulfing_strength
    strong = engulf & (curr_body >= Config.PATTERN_STRENGTH_THRESHOLDS['engulfing']['body_ratio_strong'] * prev_body)
AttributeError: type object 'Config' has no attribute 'PATTERN_STRENGTH_THRESHOLDS'
[2025-07-17 20:04:45] INFO signal_pipeline: Fetching price data for USDJPY...
[2025-07-17 20:04:47] INFO signal_pipeline: Fetched 4700 rows of price data for USDJPY
[2025-07-17 20:04:47] INFO signal_pipeline: Fetching news sentiment...
[2025-07-17 20:04:49] INFO signal_pipeline: News sentiment score: -0.0954
[2025-07-17 20:04:49] INFO signal_pipeline: Generating technical indicators with multi-timeframe analysis...
[2025-07-17 20:04:55] INFO signal_pipeline: Feature DataFrame shape: (4700, 74)
[2025-07-17 20:04:55] INFO signal_pipeline: Feature summary (last 5 rows):
                                 Open        High  ...  fib_levels  wyckoff_phases
Datetime                                           ...                            
2025-07-17 15:00:00+00:00  148.552002  148.610992  ...           0               0
2025-07-17 16:00:00+00:00  148.625000  148.703995  ...           0               0
2025-07-17 17:00:00+00:00  148.658997  148.673004  ...           0               0
2025-07-17 18:00:00+00:00  148.725006  148.753006  ...           0               0
2025-07-17 19:00:00+00:00  148.725006  148.753006  ...           0               0

[5 rows x 74 columns]

[2025-07-17 20:04:57] INFO signal_pipeline: Model trained successfully!
[2025-07-17 20:04:57] ERROR signal_pipeline: Error in signal pipeline for USDJPY: type object 'Config' has no attribute 'KEY_LEVEL_PROXIMITY_THRESHOLDS'
Traceback (most recent call last):
  File "/Users/admin/forex_ai_project/pipeline/signal_pipeline.py", line 64, in run
    signal = generate_signal_output(pair, features_df, prediction_result)
  File "/Users/admin/forex_ai_project/signals/signal_generator.py", line 252, in generate_signal_output
    thresholds = Config.KEY_LEVEL_PROXIMITY_THRESHOLDS.get(key_col.replace('_zone',''), {'percent': 0.3, 'atr': 0.6})
AttributeError: type object 'Config' has no attribute 'KEY_LEVEL_PROXIMITY_THRESHOLDS'
[2025-07-17 20:04:57] INFO signal_pipeline: Fetching price data for BTCUSD...
[2025-07-17 20:04:58] INFO signal_pipeline: Fetched 4795 rows of price data for BTCUSD
[2025-07-17 20:04:58] INFO signal_pipeline: Fetching news sentiment...
[2025-07-17 20:05:04] INFO signal_pipeline: News sentiment score: 0.0000
[2025-07-17 20:05:04] INFO signal_pipeline: Generating technical indicators with multi-timeframe analysis...
[2025-07-17 20:05:08] INFO signal_pipeline: Feature DataFrame shape: (4795, 74)
[2025-07-17 20:05:08] INFO signal_pipeline: Feature summary (last 5 rows):
                                    Open  ...  wyckoff_phases
Datetime                                  ...                
2025-07-17 15:00:00+00:00  118933.632812  ...               0
2025-07-17 16:00:00+00:00  118513.140625  ...               0
2025-07-17 17:00:00+00:00  119237.335938  ...               0
2025-07-17 18:00:00+00:00  119633.648438  ...               0
2025-07-17 19:00:00+00:00  119679.320312  ...               0

[5 rows x 74 columns]

[2025-07-17 20:05:10] INFO signal_pipeline: Model trained successfully!
[2025-07-17 20:05:10] ERROR signal_pipeline: Error in signal pipeline for BTCUSD: type object 'Config' has no attribute 'PATTERN_STRENGTH_THRESHOLDS'
Traceback (most recent call last):
  File "/Users/admin/forex_ai_project/pipeline/signal_pipeline.py", line 64, in run
    signal = generate_signal_output(pair, features_df, prediction_result)
  File "/Users/admin/forex_ai_project/signals/signal_generator.py", line 272, in generate_signal_output
    be_strength = bullish_engulfing_strength(features_df).iloc[-1]
  File "/Users/admin/forex_ai_project/features/patterns.py", line 289, in bullish_engulfing_strength
    strong = engulf & (curr_body >= Config.PATTERN_STRENGTH_THRESHOLDS['engulfing']['body_ratio_strong'] * prev_body)
AttributeError: type object 'Config' has no attribute 'PATTERN_STRENGTH_THRESHOLDS'
